#
# A fatal error has been detected by the Java Runtime Environment:
#
#  EXCEPTION_ACCESS_VIOLATION (0xc0000005) at pc=0x000000006ddc6565, pid=5528, tid=168
#
# JRE version: Java(TM) SE Runtime Environment (9.0+11) (build 9.0.1+11)
# Java VM: Java HotSpot(TM) 64-Bit Server VM (9.0.1+11, mixed mode, tiered, compressed oops, g1 gc, windows-amd64)
# Problematic frame:
# V  [jvm.dll+0x386565]
#
# No core dump will be written. Minidumps are not enabled by default on client versions of Windows
#
# If you would like to submit a bug report, please visit:
#   http://bugreport.java.com/bugreport/crash.jsp
#

---------------  S U M M A R Y ------------

Command Line: -agentpath:C:\Users\winter Nebs\Downloads\swing-inspector-windows-1.2.3\x64\swing-inspector-agent.dll -Dfile.encoding=Cp1252 Crazy8

Host: Intel(R) Core(TM) i7-6600U CPU @ 2.60GHz, 4 cores, 7G,  Windows 10 , 64 bit Build 16299 (10.0.16299.15)
Time: Tue Feb 13 19:15:08 2018 Eastern Standard Time elapsed time: 0 seconds (0d 0h 0m 0s)

---------------  T H R E A D  ---------------

Current thread (0x000001e033986000):  JavaThread "main" [_thread_in_vm, id=168, stack(0x0000007ba2500000,0x0000007ba2600000)]

Stack: [0x0000007ba2500000,0x0000007ba2600000],  sp=0x0000007ba25fde70,  free space=1015k
Native frames: (J=compiled Java code, j=interpreted, Vv=VM code, C=native code)
V  [jvm.dll+0x386565]
C  [swing-inspector-agent.dll+0x193b]
V  [jvm.dll+0x462071]
V  [jvm.dll+0x45a4d3]
V  [jvm.dll+0x45a606]
V  [jvm.dll+0x477a40]
V  [jvm.dll+0x477e42]
V  [jvm.dll+0x1b183d]
V  [jvm.dll+0x64325b]
V  [jvm.dll+0x644677]
V  [jvm.dll+0x644b2f]
V  [jvm.dll+0x3bce7e]
C  [java.dll+0x1c3d]
C  0x000001e03c00921c

Java frames: (J=compiled Java code, j=interpreted, Vv=VM code)
j  java.lang.ClassLoader.findBootstrapClass(Ljava/lang/String;)Ljava/lang/Class;+0 java.base@9.0.1
j  java.lang.ClassLoader.findBootstrapClassOrNull(Ljava/lang/String;)Ljava/lang/Class;+12 java.base@9.0.1
j  java.lang.System$2.findBootstrapClassOrNull(Ljava/lang/ClassLoader;Ljava/lang/String;)Ljava/lang/Class;+2 java.base@9.0.1
j  jdk.internal.loader.ClassLoaders$BootClassLoader.loadClassOrNull(Ljava/lang/String;)Ljava/lang/Class;+5 java.base@9.0.1
j  jdk.internal.loader.BuiltinClassLoader.loadClassOrNull(Ljava/lang/String;Z)Ljava/lang/Class;+66 java.base@9.0.1
j  jdk.internal.loader.BuiltinClassLoader.loadClass(Ljava/lang/String;Z)Ljava/lang/Class;+3 java.base@9.0.1
j  jdk.internal.loader.ClassLoaders$AppClassLoader.loadClass(Ljava/lang/String;Z)Ljava/lang/Class;+36 java.base@9.0.1
j  java.lang.ClassLoader.loadClass(Ljava/lang/String;)Ljava/lang/Class;+3 java.base@9.0.1
v  ~StubRoutines::call_stub

siginfo: EXCEPTION_ACCESS_VIOLATION (0xc0000005), reading address 0x0000000000000000


Register to memory mapping:

RIP=0x000000006ddc6565 jvm.dll
RAX=0x0000000000000000 is an unknown value
RBX=0x000001e033986000 is a thread
RCX=0x0000000000000600 is an unknown value
RDX=0x0000000000000000 is an unknown value
RSP=0x0000007ba25fde70 is pointing into the stack for thread: 0x000001e033986000
RBP=0x000001e033986218 is an unknown value
RSI=0x000001e0539e0fb3 is an unknown value
RDI=0x0000000000000000 is an unknown value
R8 =0x0000000000000004 is an unknown value
R9 =0x000001e0339715a0 is an unknown value
R10={method} {0x000001e0530a5830} 'getComponentClassData' '()[B' in 'com/swinginspector/util/BCIUtil'
R11=0x0000007ba25fde50 is pointing into the stack for thread: 0x000001e033986000
R12=0x000001e03397f560 is an unknown value
R13=0x000001e033a34c48 is an unknown value
R14=0x0000000000000000 is an unknown value
R15=0x0000007ba25fe4e8 is pointing into the stack for thread: 0x000001e033986000


Registers:
RAX=0x0000000000000000, RBX=0x000001e033986000, RCX=0x0000000000000600, RDX=0x0000000000000000
RSP=0x0000007ba25fde70, RBP=0x000001e033986218, RSI=0x000001e0539e0fb3, RDI=0x0000000000000000
R8 =0x0000000000000004, R9 =0x000001e0339715a0, R10=0x000001e0530a5828, R11=0x0000007ba25fde50
R12=0x000001e03397f560, R13=0x000001e033a34c48, R14=0x0000000000000000, R15=0x0000007ba25fe4e8
RIP=0x000000006ddc6565, EFLAGS=0x0000000000010246

Top of Stack: (sp=0x0000007ba25fde70)
0x0000007ba25fde70:   000001e0539e0fa0 000001e033986218
0x0000007ba25fde80:   000001e0539e0fb3 0000000000000000
0x0000007ba25fde90:   0000000000000000 00007ffd02c4193b
0x0000007ba25fdea0:   000001e0539e0fa0 000001e033986218
0x0000007ba25fdeb0:   000001e0537b7708 000001e0339715a0
0x0000007ba25fdec0:   0000000000000000 000001e033986000
0x0000007ba25fded0:   000001e0539e8f48 0000007ba25fdff0
0x0000007ba25fdee0:   000001e033986000 000000006dea2071
0x0000007ba25fdef0:   000001e03397f560 0000007ba25fe090
0x0000007ba25fdf00:   000001e0539e0fa0 0000000000000000
0x0000007ba25fdf10:   000001e0539e0fa0 0000000000000000
0x0000007ba25fdf20:   000001e0000118b9 000001e053cd6530
0x0000007ba25fdf30:   0000007ba25fe038 0000007ba25fdf40
0x0000007ba25fdf40:   0000000000000000 000001e0339944c0
0x0000007ba25fdf50:   000001e033955450 000001e0539e0f60
0x0000007ba25fdf60:   000001e0539e0fc0 000001e0539e8f48 

Instructions: (pc=0x000000006ddc6565)
0x000000006ddc6545:   dd 2d 00 c7 83 90 02 00 00 06 00 00 00 40 f6 c7
0x000000006ddc6555:   01 74 0d 48 8b cf e8 a0 ca 02 00 48 8b c8 eb 03
0x000000006ddc6565:   48 8b 0f 80 3d a6 04 5d 00 00 b8 10 00 00 00 ba
0x000000006ddc6575:   0c 00 00 00 0f 45 c2 48 98 8b 3c 08 c7 83 90 02 



---------------  P R O C E S S  ---------------

Java Threads: ( => current thread )
  0x000001e05355d800 JavaThread "Common-Cleaner" daemon [_thread_blocked, id=428, stack(0x0000007ba3a00000,0x0000007ba3b00000)]
  0x000001e0534d6000 JavaThread "Sweeper thread" daemon [_thread_blocked, id=12920, stack(0x0000007ba3900000,0x0000007ba3a00000)]
  0x000001e05349e800 JavaThread "C1 CompilerThread2" daemon [_thread_blocked, id=9976, stack(0x0000007ba3800000,0x0000007ba3900000)]
  0x000001e053470800 JavaThread "C2 CompilerThread1" daemon [_thread_blocked, id=7976, stack(0x0000007ba3700000,0x0000007ba3800000)]
  0x000001e053462800 JavaThread "C2 CompilerThread0" daemon [_thread_blocked, id=9584, stack(0x0000007ba3600000,0x0000007ba3700000)]
  0x000001e053461800 JavaThread "Attach Listener" daemon [_thread_blocked, id=8100, stack(0x0000007ba3500000,0x0000007ba3600000)]
  0x000001e05345f800 JavaThread "Signal Dispatcher" daemon [_thread_blocked, id=6892, stack(0x0000007ba3400000,0x0000007ba3500000)]
  0x000001e053454000 JavaThread "Finalizer" daemon [_thread_blocked, id=4204, stack(0x0000007ba3300000,0x0000007ba3400000)]
  0x000001e053449000 JavaThread "Reference Handler" daemon [_thread_blocked, id=12012, stack(0x0000007ba3200000,0x0000007ba3300000)]
=>0x000001e033986000 JavaThread "main" [_thread_in_vm, id=168, stack(0x0000007ba2500000,0x0000007ba2600000)]

Other Threads:
  0x000001e05341e000 VMThread "VM Thread" [stack: 0x0000007ba3100000,0x0000007ba3200000] [id=5316]
  0x000001e03399e000 GCTaskThread "GC Thread#0" [stack: 0x0000007ba2600000,0x0000007ba2700000] [id=9072]
  0x000001e0339a0000 GCTaskThread "GC Thread#1" [stack: 0x0000007ba2700000,0x0000007ba2800000] [id=11372]
  0x000001e0339a1800 GCTaskThread "GC Thread#2" [stack: 0x0000007ba2800000,0x0000007ba2900000] [id=6272]
  0x000001e0339a5000 GCTaskThread "GC Thread#3" [stack: 0x0000007ba2900000,0x0000007ba2a00000] [id=7596]
  0x000001e033a25800 ConcurrentGCThread "G1 Main Marker" [stack: 0x0000007ba2f00000,0x0000007ba3000000] [id=9792]
  0x000001e033a26800 ConcurrentGCThread "G1 Marker#0" [stack: 0x0000007ba3000000,0x0000007ba3100000] [id=9852]
  0x000001e0339b5800 ConcurrentGCThread "G1 Refine#0" [stack: 0x0000007ba2d00000,0x0000007ba2e00000] [id=12864]
  0x000001e0339b4800 ConcurrentGCThread "G1 Refine#1" [stack: 0x0000007ba2c00000,0x0000007ba2d00000] [id=7588]
  0x000001e0339b3000 ConcurrentGCThread "G1 Refine#2" [stack: 0x0000007ba2b00000,0x0000007ba2c00000] [id=11644]
  0x000001e0339af000 ConcurrentGCThread "G1 Refine#3" [stack: 0x0000007ba2a00000,0x0000007ba2b00000] [id=10784]
  0x000001e0339b7000 ConcurrentGCThread "G1 Young RemSet Sampling" [stack: 0x0000007ba2e00000,0x0000007ba2f00000] [id=372]

Threads with active compile tasks:

VM state:not at safepoint (normal execution)

VM Mutex/Monitor currently owned by a thread: None

Heap address: 0x0000000081200000, size: 2030 MB, Compressed Oops mode: 32-bit
Narrow klass base: 0x0000000000000000, Narrow klass shift: 3
Compressed class space size: 1073741824 Address: 0x0000000100000000

Heap:
 garbage-first heap   total 131072K, used 4096K [0x0000000081200000, 0x0000000081300400, 0x0000000100000000)
  region size 1024K, 5 young (5120K), 0 survivors (0K)
 Metaspace       used 6756K, capacity 6982K, committed 7168K, reserved 1056768K
  class space    used 698K, capacity 763K, committed 768K, reserved 1048576K
Heap Regions: E=young(eden), S=young(survivor), O=old, HS=humongous(starts), HC=humongous(continues), CS=collection set, F=free, A=archive, TS=gc time stamp, AC=allocation context, TAMS=top-at-mark-start (previous, next)
|   0|0x0000000081200000, 0x0000000081200000, 0x0000000081300000|  0%| F|  |TS  0|AC  0|TAMS 0x0000000081200000, 0x0000000081200000|
|   1|0x0000000081300000, 0x0000000081300000, 0x0000000081400000|  0%| F|  |TS  0|AC  0|TAMS 0x0000000081300000, 0x0000000081300000|
|   2|0x0000000081400000, 0x0000000081400000, 0x0000000081500000|  0%| F|  |TS  0|AC  0|TAMS 0x0000000081400000, 0x0000000081400000|
|   3|0x0000000081500000, 0x0000000081500000, 0x0000000081600000|  0%| F|  |TS  0|AC  0|TAMS 0x0000000081500000, 0x0000000081500000|
|   4|0x0000000081600000, 0x0000000081600000, 0x0000000081700000|  0%| F|  |TS  0|AC  0|TAMS 0x0000000081600000, 0x0000000081600000|
|   5|0x0000000081700000, 0x0000000081700000, 0x0000000081800000|  0%| F|  |TS  0|AC  0|TAMS 0x0000000081700000, 0x0000000081700000|
|   6|0x0000000081800000, 0x0000000081800000, 0x0000000081900000|  0%| F|  |TS  0|AC  0|TAMS 0x0000000081800000, 0x0000000081800000|
|   7|0x0000000081900000, 0x0000000081900000, 0x0000000081a00000|  0%| F|  |TS  0|AC  0|TAMS 0x0000000081900000, 0x0000000081900000|
|   8|0x0000000081a00000, 0x0000000081a00000, 0x0000000081b00000|  0%| F|  |TS  0|AC  0|TAMS 0x0000000081a00000, 0x0000000081a00000|
|   9|0x0000000081b00000, 0x0000000081b00000, 0x0000000081c00000|  0%| F|  |TS  0|AC  0|TAMS 0x0000000081b00000, 0x0000000081b00000|
|  10|0x0000000081c00000, 0x0000000081c00000, 0x0000000081d00000|  0%| F|  |TS  0|AC  0|TAMS 0x0000000081c00000, 0x0000000081c00000|
|  11|0x0000000081d00000, 0x0000000081d00000, 0x0000000081e00000|  0%| F|  |TS  0|AC  0|TAMS 0x0000000081d00000, 0x0000000081d00000|
|  12|0x0000000081e00000, 0x0000000081e00000, 0x0000000081f00000|  0%| F|  |TS  0|AC  0|TAMS 0x0000000081e00000, 0x0000000081e00000|
|  13|0x0000000081f00000, 0x0000000081f00000, 0x0000000082000000|  0%| F|  |TS  0|AC  0|TAMS 0x0000000081f00000, 0x0000000081f00000|
|  14|0x0000000082000000, 0x0000000082000000, 0x0000000082100000|  0%| F|  |TS  0|AC  0|TAMS 0x0000000082000000, 0x0000000082000000|
|  15|0x0000000082100000, 0x0000000082100000, 0x0000000082200000|  0%| F|  |TS  0|AC  0|TAMS 0x0000000082100000, 0x0000000082100000|
|  16|0x0000000082200000, 0x0000000082200000, 0x0000000082300000|  0%| F|  |TS  0|AC  0|TAMS 0x0000000082200000, 0x0000000082200000|
|  17|0x0000000082300000, 0x0000000082300000, 0x0000000082400000|  0%| F|  |TS  0|AC  0|TAMS 0x0000000082300000, 0x0000000082300000|
|  18|0x0000000082400000, 0x0000000082400000, 0x0000000082500000|  0%| F|  |TS  0|AC  0|TAMS 0x0000000082400000, 0x0000000082400000|
|  19|0x0000000082500000, 0x0000000082500000, 0x0000000082600000|  0%| F|  |TS  0|AC  0|TAMS 0x0000000082500000, 0x0000000082500000|
|  20|0x0000000082600000, 0x0000000082600000, 0x0000000082700000|  0%| F|  |TS  0|AC  0|TAMS 0x0000000082600000, 0x0000000082600000|
|  21|0x0000000082700000, 0x0000000082700000, 0x0000000082800000|  0%| F|  |TS  0|AC  0|TAMS 0x0000000082700000, 0x0000000082700000|
|  22|0x0000000082800000, 0x0000000082800000, 0x0000000082900000|  0%| F|  |TS  0|AC  0|TAMS 0x0000000082800000, 0x0000000082800000|
|  23|0x0000000082900000, 0x0000000082900000, 0x0000000082a00000|  0%| F|  |TS  0|AC  0|TAMS 0x0000000082900000, 0x0000000082900000|
|  24|0x0000000082a00000, 0x0000000082a00000, 0x0000000082b00000|  0%| F|  |TS  0|AC  0|TAMS 0x0000000082a00000, 0x0000000082a00000|
|  25|0x0000000082b00000, 0x0000000082b00000, 0x0000000082c00000|  0%| F|  |TS  0|AC  0|TAMS 0x0000000082b00000, 0x0000000082b00000|
|  26|0x0000000082c00000, 0x0000000082c00000, 0x0000000082d00000|  0%| F|  |TS  0|AC  0|TAMS 0x0000000082c00000, 0x0000000082c00000|
|  27|0x0000000082d00000, 0x0000000082d00000, 0x0000000082e00000|  0%| F|  |TS  0|AC  0|TAMS 0x0000000082d00000, 0x0000000082d00000|
|  28|0x0000000082e00000, 0x0000000082e00000, 0x0000000082f00000|  0%| F|  |TS  0|AC  0|TAMS 0x0000000082e00000, 0x0000000082e00000|
|  29|0x0000000082f00000, 0x0000000082f00000, 0x0000000083000000|  0%| F|  |TS  0|AC  0|TAMS 0x0000000082f00000, 0x0000000082f00000|
|  30|0x0000000083000000, 0x0000000083000000, 0x0000000083100000|  0%| F|  |TS  0|AC  0|TAMS 0x0000000083000000, 0x0000000083000000|
|  31|0x0000000083100000, 0x0000000083100000, 0x0000000083200000|  0%| F|  |TS  0|AC  0|TAMS 0x0000000083100000, 0x0000000083100000|
|  32|0x0000000083200000, 0x0000000083200000, 0x0000000083300000|  0%| F|  |TS  0|AC  0|TAMS 0x0000000083200000, 0x0000000083200000|
|  33|0x0000000083300000, 0x0000000083300000, 0x0000000083400000|  0%| F|  |TS  0|AC  0|TAMS 0x0000000083300000, 0x0000000083300000|
|  34|0x0000000083400000, 0x0000000083400000, 0x0000000083500000|  0%| F|  |TS  0|AC  0|TAMS 0x0000000083400000, 0x0000000083400000|
|  35|0x0000000083500000, 0x0000000083500000, 0x0000000083600000|  0%| F|  |TS  0|AC  0|TAMS 0x0000000083500000, 0x0000000083500000|
|  36|0x0000000083600000, 0x0000000083600000, 0x0000000083700000|  0%| F|  |TS  0|AC  0|TAMS 0x0000000083600000, 0x0000000083600000|
|  37|0x0000000083700000, 0x0000000083700000, 0x0000000083800000|  0%| F|  |TS  0|AC  0|TAMS 0x0000000083700000, 0x0000000083700000|
|  38|0x0000000083800000, 0x0000000083800000, 0x0000000083900000|  0%| F|  |TS  0|AC  0|TAMS 0x0000000083800000, 0x0000000083800000|
|  39|0x0000000083900000, 0x0000000083900000, 0x0000000083a00000|  0%| F|  |TS  0|AC  0|TAMS 0x0000000083900000, 0x0000000083900000|
|  40|0x0000000083a00000, 0x0000000083a00000, 0x0000000083b00000|  0%| F|  |TS  0|AC  0|TAMS 0x0000000083a00000, 0x0000000083a00000|
|  41|0x0000000083b00000, 0x0000000083b00000, 0x0000000083c00000|  0%| F|  |TS  0|AC  0|TAMS 0x0000000083b00000, 0x0000000083b00000|
|  42|0x0000000083c00000, 0x0000000083c00000, 0x0000000083d00000|  0%| F|  |TS  0|AC  0|TAMS 0x0000000083c00000, 0x0000000083c00000|
|  43|0x0000000083d00000, 0x0000000083d00000, 0x0000000083e00000|  0%| F|  |TS  0|AC  0|TAMS 0x0000000083d00000, 0x0000000083d00000|
|  44|0x0000000083e00000, 0x0000000083e00000, 0x0000000083f00000|  0%| F|  |TS  0|AC  0|TAMS 0x0000000083e00000, 0x0000000083e00000|
|  45|0x0000000083f00000, 0x0000000083f00000, 0x0000000084000000|  0%| F|  |TS  0|AC  0|TAMS 0x0000000083f00000, 0x0000000083f00000|
|  46|0x0000000084000000, 0x0000000084000000, 0x0000000084100000|  0%| F|  |TS  0|AC  0|TAMS 0x0000000084000000, 0x0000000084000000|
|  47|0x0000000084100000, 0x0000000084100000, 0x0000000084200000|  0%| F|  |TS  0|AC  0|TAMS 0x0000000084100000, 0x0000000084100000|
|  48|0x0000000084200000, 0x0000000084200000, 0x0000000084300000|  0%| F|  |TS  0|AC  0|TAMS 0x0000000084200000, 0x0000000084200000|
|  49|0x0000000084300000, 0x0000000084300000, 0x0000000084400000|  0%| F|  |TS  0|AC  0|TAMS 0x0000000084300000, 0x0000000084300000|
|  50|0x0000000084400000, 0x0000000084400000, 0x0000000084500000|  0%| F|  |TS  0|AC  0|TAMS 0x0000000084400000, 0x0000000084400000|
|  51|0x0000000084500000, 0x0000000084500000, 0x0000000084600000|  0%| F|  |TS  0|AC  0|TAMS 0x0000000084500000, 0x0000000084500000|
|  52|0x0000000084600000, 0x0000000084600000, 0x0000000084700000|  0%| F|  |TS  0|AC  0|TAMS 0x0000000084600000, 0x0000000084600000|
|  53|0x0000000084700000, 0x0000000084700000, 0x0000000084800000|  0%| F|  |TS  0|AC  0|TAMS 0x0000000084700000, 0x0000000084700000|
|  54|0x0000000084800000, 0x0000000084800000, 0x0000000084900000|  0%| F|  |TS  0|AC  0|TAMS 0x0000000084800000, 0x0000000084800000|
|  55|0x0000000084900000, 0x0000000084900000, 0x0000000084a00000|  0%| F|  |TS  0|AC  0|TAMS 0x0000000084900000, 0x0000000084900000|
|  56|0x0000000084a00000, 0x0000000084a00000, 0x0000000084b00000|  0%| F|  |TS  0|AC  0|TAMS 0x0000000084a00000, 0x0000000084a00000|
|  57|0x0000000084b00000, 0x0000000084b00000, 0x0000000084c00000|  0%| F|  |TS  0|AC  0|TAMS 0x0000000084b00000, 0x0000000084b00000|
|  58|0x0000000084c00000, 0x0000000084c00000, 0x0000000084d00000|  0%| F|  |TS  0|AC  0|TAMS 0x0000000084c00000, 0x0000000084c00000|
|  59|0x0000000084d00000, 0x0000000084d00000, 0x0000000084e00000|  0%| F|  |TS  0|AC  0|TAMS 0x0000000084d00000, 0x0000000084d00000|
|  60|0x0000000084e00000, 0x0000000084e00000, 0x0000000084f00000|  0%| F|  |TS  0|AC  0|TAMS 0x0000000084e00000, 0x0000000084e00000|
|  61|0x0000000084f00000, 0x0000000084f00000, 0x0000000085000000|  0%| F|  |TS  0|AC  0|TAMS 0x0000000084f00000, 0x0000000084f00000|
|  62|0x0000000085000000, 0x0000000085000000, 0x0000000085100000|  0%| F|  |TS  0|AC  0|TAMS 0x0000000085000000, 0x0000000085000000|
|  63|0x0000000085100000, 0x0000000085100000, 0x0000000085200000|  0%| F|  |TS  0|AC  0|TAMS 0x0000000085100000, 0x0000000085100000|
|  64|0x0000000085200000, 0x0000000085200000, 0x0000000085300000|  0%| F|  |TS  0|AC  0|TAMS 0x0000000085200000, 0x0000000085200000|
|  65|0x0000000085300000, 0x0000000085300000, 0x0000000085400000|  0%| F|  |TS  0|AC  0|TAMS 0x0000000085300000, 0x0000000085300000|
|  66|0x0000000085400000, 0x0000000085400000, 0x0000000085500000|  0%| F|  |TS  0|AC  0|TAMS 0x0000000085400000, 0x0000000085400000|
|  67|0x0000000085500000, 0x0000000085500000, 0x0000000085600000|  0%| F|  |TS  0|AC  0|TAMS 0x0000000085500000, 0x0000000085500000|
|  68|0x0000000085600000, 0x0000000085600000, 0x0000000085700000|  0%| F|  |TS  0|AC  0|TAMS 0x0000000085600000, 0x0000000085600000|
|  69|0x0000000085700000, 0x0000000085700000, 0x0000000085800000|  0%| F|  |TS  0|AC  0|TAMS 0x0000000085700000, 0x0000000085700000|
|  70|0x0000000085800000, 0x0000000085800000, 0x0000000085900000|  0%| F|  |TS  0|AC  0|TAMS 0x0000000085800000, 0x0000000085800000|
|  71|0x0000000085900000, 0x0000000085900000, 0x0000000085a00000|  0%| F|  |TS  0|AC  0|TAMS 0x0000000085900000, 0x0000000085900000|
|  72|0x0000000085a00000, 0x0000000085a00000, 0x0000000085b00000|  0%| F|  |TS  0|AC  0|TAMS 0x0000000085a00000, 0x0000000085a00000|
|  73|0x0000000085b00000, 0x0000000085b00000, 0x0000000085c00000|  0%| F|  |TS  0|AC  0|TAMS 0x0000000085b00000, 0x0000000085b00000|
|  74|0x0000000085c00000, 0x0000000085c00000, 0x0000000085d00000|  0%| F|  |TS  0|AC  0|TAMS 0x0000000085c00000, 0x0000000085c00000|
|  75|0x0000000085d00000, 0x0000000085d00000, 0x0000000085e00000|  0%| F|  |TS  0|AC  0|TAMS 0x0000000085d00000, 0x0000000085d00000|
|  76|0x0000000085e00000, 0x0000000085e00000, 0x0000000085f00000|  0%| F|  |TS  0|AC  0|TAMS 0x0000000085e00000, 0x0000000085e00000|
|  77|0x0000000085f00000, 0x0000000085f00000, 0x0000000086000000|  0%| F|  |TS  0|AC  0|TAMS 0x0000000085f00000, 0x0000000085f00000|
|  78|0x0000000086000000, 0x0000000086000000, 0x0000000086100000|  0%| F|  |TS  0|AC  0|TAMS 0x0000000086000000, 0x0000000086000000|
|  79|0x0000000086100000, 0x0000000086100000, 0x0000000086200000|  0%| F|  |TS  0|AC  0|TAMS 0x0000000086100000, 0x0000000086100000|
|  80|0x0000000086200000, 0x0000000086200000, 0x0000000086300000|  0%| F|  |TS  0|AC  0|TAMS 0x0000000086200000, 0x0000000086200000|
|  81|0x0000000086300000, 0x0000000086300000, 0x0000000086400000|  0%| F|  |TS  0|AC  0|TAMS 0x0000000086300000, 0x0000000086300000|
|  82|0x0000000086400000, 0x0000000086400000, 0x0000000086500000|  0%| F|  |TS  0|AC  0|TAMS 0x0000000086400000, 0x0000000086400000|
|  83|0x0000000086500000, 0x0000000086500000, 0x0000000086600000|  0%| F|  |TS  0|AC  0|TAMS 0x0000000086500000, 0x0000000086500000|
|  84|0x0000000086600000, 0x0000000086600000, 0x0000000086700000|  0%| F|  |TS  0|AC  0|TAMS 0x0000000086600000, 0x0000000086600000|
|  85|0x0000000086700000, 0x0000000086700000, 0x0000000086800000|  0%| F|  |TS  0|AC  0|TAMS 0x0000000086700000, 0x0000000086700000|
|  86|0x0000000086800000, 0x0000000086800000, 0x0000000086900000|  0%| F|  |TS  0|AC  0|TAMS 0x0000000086800000, 0x0000000086800000|
|  87|0x0000000086900000, 0x0000000086900000, 0x0000000086a00000|  0%| F|  |TS  0|AC  0|TAMS 0x0000000086900000, 0x0000000086900000|
|  88|0x0000000086a00000, 0x0000000086a00000, 0x0000000086b00000|  0%| F|  |TS  0|AC  0|TAMS 0x0000000086a00000, 0x0000000086a00000|
|  89|0x0000000086b00000, 0x0000000086b00000, 0x0000000086c00000|  0%| F|  |TS  0|AC  0|TAMS 0x0000000086b00000, 0x0000000086b00000|
|  90|0x0000000086c00000, 0x0000000086c00000, 0x0000000086d00000|  0%| F|  |TS  0|AC  0|TAMS 0x0000000086c00000, 0x0000000086c00000|
|  91|0x0000000086d00000, 0x0000000086d00000, 0x0000000086e00000|  0%| F|  |TS  0|AC  0|TAMS 0x0000000086d00000, 0x0000000086d00000|
|  92|0x0000000086e00000, 0x0000000086e00000, 0x0000000086f00000|  0%| F|  |TS  0|AC  0|TAMS 0x0000000086e00000, 0x0000000086e00000|
|  93|0x0000000086f00000, 0x0000000086f00000, 0x0000000087000000|  0%| F|  |TS  0|AC  0|TAMS 0x0000000086f00000, 0x0000000086f00000|
|  94|0x0000000087000000, 0x0000000087000000, 0x0000000087100000|  0%| F|  |TS  0|AC  0|TAMS 0x0000000087000000, 0x0000000087000000|
|  95|0x0000000087100000, 0x0000000087100000, 0x0000000087200000|  0%| F|  |TS  0|AC  0|TAMS 0x0000000087100000, 0x0000000087100000|
|  96|0x0000000087200000, 0x0000000087200000, 0x0000000087300000|  0%| F|  |TS  0|AC  0|TAMS 0x0000000087200000, 0x0000000087200000|
|  97|0x0000000087300000, 0x0000000087300000, 0x0000000087400000|  0%| F|  |TS  0|AC  0|TAMS 0x0000000087300000, 0x0000000087300000|
|  98|0x0000000087400000, 0x0000000087400000, 0x0000000087500000|  0%| F|  |TS  0|AC  0|TAMS 0x0000000087400000, 0x0000000087400000|
|  99|0x0000000087500000, 0x0000000087500000, 0x0000000087600000|  0%| F|  |TS  0|AC  0|TAMS 0x0000000087500000, 0x0000000087500000|
| 100|0x0000000087600000, 0x0000000087600000, 0x0000000087700000|  0%| F|  |TS  0|AC  0|TAMS 0x0000000087600000, 0x0000000087600000|
| 101|0x0000000087700000, 0x0000000087700000, 0x0000000087800000|  0%| F|  |TS  0|AC  0|TAMS 0x0000000087700000, 0x0000000087700000|
| 102|0x0000000087800000, 0x0000000087800000, 0x0000000087900000|  0%| F|  |TS  0|AC  0|TAMS 0x0000000087800000, 0x0000000087800000|
| 103|0x0000000087900000, 0x0000000087900000, 0x0000000087a00000|  0%| F|  |TS  0|AC  0|TAMS 0x0000000087900000, 0x0000000087900000|
| 104|0x0000000087a00000, 0x0000000087a00000, 0x0000000087b00000|  0%| F|  |TS  0|AC  0|TAMS 0x0000000087a00000, 0x0000000087a00000|
| 105|0x0000000087b00000, 0x0000000087b00000, 0x0000000087c00000|  0%| F|  |TS  0|AC  0|TAMS 0x0000000087b00000, 0x0000000087b00000|
| 106|0x0000000087c00000, 0x0000000087c00000, 0x0000000087d00000|  0%| F|  |TS  0|AC  0|TAMS 0x0000000087c00000, 0x0000000087c00000|
| 107|0x0000000087d00000, 0x0000000087d00000, 0x0000000087e00000|  0%| F|  |TS  0|AC  0|TAMS 0x0000000087d00000, 0x0000000087d00000|
| 108|0x0000000087e00000, 0x0000000087e00000, 0x0000000087f00000|  0%| F|  |TS  0|AC  0|TAMS 0x0000000087e00000, 0x0000000087e00000|
| 109|0x0000000087f00000, 0x0000000087f00000, 0x0000000088000000|  0%| F|  |TS  0|AC  0|TAMS 0x0000000087f00000, 0x0000000087f00000|
| 110|0x0000000088000000, 0x0000000088000000, 0x0000000088100000|  0%| F|  |TS  0|AC  0|TAMS 0x0000000088000000, 0x0000000088000000|
| 111|0x0000000088100000, 0x0000000088100000, 0x0000000088200000|  0%| F|  |TS  0|AC  0|TAMS 0x0000000088100000, 0x0000000088100000|
| 112|0x0000000088200000, 0x0000000088200000, 0x0000000088300000|  0%| F|  |TS  0|AC  0|TAMS 0x0000000088200000, 0x0000000088200000|
| 113|0x0000000088300000, 0x0000000088300000, 0x0000000088400000|  0%| F|  |TS  0|AC  0|TAMS 0x0000000088300000, 0x0000000088300000|
| 114|0x0000000088400000, 0x0000000088400000, 0x0000000088500000|  0%| F|  |TS  0|AC  0|TAMS 0x0000000088400000, 0x0000000088400000|
| 115|0x0000000088500000, 0x0000000088500000, 0x0000000088600000|  0%| F|  |TS  0|AC  0|TAMS 0x0000000088500000, 0x0000000088500000|
| 116|0x0000000088600000, 0x0000000088600000, 0x0000000088700000|  0%| F|  |TS  0|AC  0|TAMS 0x0000000088600000, 0x0000000088600000|
| 117|0x0000000088700000, 0x0000000088700000, 0x0000000088800000|  0%| F|  |TS  0|AC  0|TAMS 0x0000000088700000, 0x0000000088700000|
| 118|0x0000000088800000, 0x0000000088800000, 0x0000000088900000|  0%| F|  |TS  0|AC  0|TAMS 0x0000000088800000, 0x0000000088800000|
| 119|0x0000000088900000, 0x0000000088900000, 0x0000000088a00000|  0%| F|  |TS  0|AC  0|TAMS 0x0000000088900000, 0x0000000088900000|
| 120|0x0000000088a00000, 0x0000000088a00000, 0x0000000088b00000|  0%| F|  |TS  0|AC  0|TAMS 0x0000000088a00000, 0x0000000088a00000|
| 121|0x0000000088b00000, 0x0000000088b00000, 0x0000000088c00000|  0%| F|  |TS  0|AC  0|TAMS 0x0000000088b00000, 0x0000000088b00000|
| 122|0x0000000088c00000, 0x0000000088c00000, 0x0000000088d00000|  0%| F|  |TS  0|AC  0|TAMS 0x0000000088c00000, 0x0000000088c00000|
| 123|0x0000000088d00000, 0x0000000088dd78e8, 0x0000000088e00000| 84%| E|  |TS  0|AC  0|TAMS 0x0000000088d00000, 0x0000000088d00000|
| 124|0x0000000088e00000, 0x0000000088f00000, 0x0000000088f00000|100%| E|CS|TS  0|AC  0|TAMS 0x0000000088e00000, 0x0000000088e00000|
| 125|0x0000000088f00000, 0x0000000089000000, 0x0000000089000000|100%| E|CS|TS  0|AC  0|TAMS 0x0000000088f00000, 0x0000000088f00000|
| 126|0x0000000089000000, 0x0000000089100000, 0x0000000089100000|100%| E|CS|TS  0|AC  0|TAMS 0x0000000089000000, 0x0000000089000000|
| 127|0x0000000089100000, 0x0000000089200000, 0x0000000089200000|100%| E|CS|TS  0|AC  0|TAMS 0x0000000089100000, 0x0000000089100000|

Card table byte_map: [0x000001e04be10000,0x000001e04c210000] byte_map_base: 0x000001e04ba07000

Marking Bits (Prev, Next): (CMBitMap*) 0x000001e033a24ef0, (CMBitMap*) 0x000001e033a24f28
 Prev Bits: [0x000001e04c610000, 0x000001e04e5c8000)
 Next Bits: [0x000001e04e5d0000, 0x000001e050588000)

Polling page: 0x000001e031820000

CodeHeap 'non-profiled nmethods': size=120064Kb used=152Kb max_used=152Kb free=119911Kb
 bounds [0x000001e043ab0000, 0x000001e043d20000, 0x000001e04aff0000]
CodeHeap 'profiled nmethods': size=120000Kb used=876Kb max_used=876Kb free=119123Kb
 bounds [0x000001e03c580000, 0x000001e03c7f0000, 0x000001e043ab0000]
CodeHeap 'non-nmethods': size=5696Kb used=1215Kb max_used=1222Kb free=4480Kb
 bounds [0x000001e03bff0000, 0x000001e03c260000, 0x000001e03c580000]
 total_blobs=990 nmethods=524 adapters=279
 compilation: enabled

Compilation events (10 events):
Event: 0.312 Thread 0x000001e05349e800  505       1       sun.util.locale.BaseLocale$Key::access$300 (5 bytes)
Event: 0.312 Thread 0x000001e05349e800 nmethod 505 0x000001e043ad5690 code [0x000001e043ad5840, 0x000001e043ad5938]
Event: 0.312 Thread 0x000001e05349e800  506       1       sun.util.locale.BaseLocale$Key::access$400 (5 bytes)
Event: 0.312 Thread 0x000001e05349e800 nmethod 506 0x000001e043ad5a10 code [0x000001e043ad5bc0, 0x000001e043ad5cb8]
Event: 0.312 Thread 0x000001e05349e800  521       1       java.nio.DirectByteBuffer::address (5 bytes)
Event: 0.312 Thread 0x000001e05349e800 nmethod 521 0x000001e043ad5d90 code [0x000001e043ad5f40, 0x000001e043ad6058]
Event: 0.312 Thread 0x000001e05349e800  523       3       java.lang.invoke.MethodType::erase (8 bytes)
Event: 0.312 Thread 0x000001e05349e800 nmethod 523 0x000001e03c65a310 code [0x000001e03c65a4c0, 0x000001e03c65a6b8]
Event: 0.314 Thread 0x000001e05349e800  524       3       java.lang.String::charAt (25 bytes)
Event: 0.314 Thread 0x000001e05349e800 nmethod 524 0x000001e03c65a790 code [0x000001e03c65a9a0, 0x000001e03c65af00]

GC Heap History (0 events):
No events

Deoptimization events (1 events):
Event: 0.312 Thread 0x000001e033986000 Uncommon trap: reason=unstable_if action=reinterpret pc=0x000001e043abdc98 method=java.lang.String.charAt(I)C @ 4 c2

Classes redefined (0 events):
No events

Internal exceptions (10 events):
Event: 0.252 Thread 0x000001e033986000 Exception <a 'java/lang/NoSuchMethodError'{0x0000000088e1c010}: method resolution failed> (0x0000000088e1c010) thrown at [t:/workspace/hotspot/src/share/vm/prims/methodHandles.cpp, line 1256]
Event: 0.254 Thread 0x000001e033986000 Exception <a 'java/lang/NoSuchMethodError'{0x0000000088e2b9a8}: java.lang.invoke.DirectMethodHandle$Holder.invokeSpecial(Ljava/lang/Object;Ljava/lang/Object;IILjava/lang/Object;Ljava/lang/Object;Ljava/lang/Object;)Ljava/lang/Object;> (0x0000000088e2b9a8) 
Event: 0.255 Thread 0x000001e033986000 Exception <a 'java/lang/NoSuchMethodError'{0x0000000088e2efc0}: java.lang.invoke.DelegatingMethodHandle$Holder.reinvoke_L(Ljava/lang/Object;IILjava/lang/Object;Ljava/lang/Object;Ljava/lang/Object;)Ljava/lang/Object;> (0x0000000088e2efc0) thrown at [t:/wor
Event: 0.255 Thread 0x000001e033986000 Exception <a 'java/lang/NoSuchMethodError'{0x0000000088e33910}: method resolution failed> (0x0000000088e33910) thrown at [t:/workspace/hotspot/src/share/vm/prims/methodHandles.cpp, line 1256]
Event: 0.257 Thread 0x000001e033986000 Exception <a 'java/lang/NoSuchMethodError'{0x0000000088e483c8}: method resolution failed> (0x0000000088e483c8) thrown at [t:/workspace/hotspot/src/share/vm/prims/methodHandles.cpp, line 1256]
Event: 0.262 Thread 0x000001e033986000 Exception <a 'java/lang/NoSuchMethodError'{0x0000000088e5d7c0}: method resolution failed> (0x0000000088e5d7c0) thrown at [t:/workspace/hotspot/src/share/vm/prims/methodHandles.cpp, line 1256]
Event: 0.264 Thread 0x000001e033986000 Exception <a 'java/lang/NoSuchMethodError'{0x0000000088e74528}: method resolution failed> (0x0000000088e74528) thrown at [t:/workspace/hotspot/src/share/vm/prims/methodHandles.cpp, line 1256]
Event: 0.265 Thread 0x000001e033986000 Exception <a 'java/lang/NoSuchMethodError'{0x0000000088e8cb50}: method resolution failed> (0x0000000088e8cb50) thrown at [t:/workspace/hotspot/src/share/vm/prims/methodHandles.cpp, line 1256]
Event: 0.266 Thread 0x000001e033986000 Exception <a 'java/io/FileNotFoundException'{0x0000000088e962f8}> (0x0000000088e962f8) thrown at [t:/workspace/hotspot/src/share/vm/prims/jni.cpp, line 604]
Event: 0.314 Thread 0x000001e033986000 Exception <a 'java/io/FileNotFoundException'{0x0000000088dcd160}> (0x0000000088dcd160) thrown at [t:/workspace/hotspot/src/share/vm/prims/jni.cpp, line 604]

Events (10 events):
Event: 0.313 loading class java/text/DontCareFieldPosition
Event: 0.313 loading class java/text/DontCareFieldPosition done
Event: 0.313 loading class java/text/DontCareFieldPosition$1
Event: 0.313 loading class java/text/Format$FieldDelegate
Event: 0.314 loading class java/text/Format$FieldDelegate done
Event: 0.314 loading class java/text/DontCareFieldPosition$1 done
Event: 0.314 loading class java/io/PrintWriter
Event: 0.314 loading class java/io/PrintWriter done
Event: 0.314 loading class java/io/FileWriter
Event: 0.314 loading class java/io/FileWriter done


Dynamic libraries:
0x00007ff6abad0000 - 0x00007ff6abb0e000 	C:\Program Files\Java\jre-9.0.1\bin\javaw.exe
0x00007ffd0c8a0000 - 0x00007ffd0ca80000 	C:\WINDOWS\SYSTEM32\ntdll.dll
0x00007ffd0b2b0000 - 0x00007ffd0b35e000 	C:\WINDOWS\System32\KERNEL32.DLL
0x00007ffd096f0000 - 0x00007ffd09956000 	C:\WINDOWS\System32\KERNELBASE.dll
0x00007ffd0c3e0000 - 0x00007ffd0c481000 	C:\WINDOWS\System32\ADVAPI32.dll
0x00007ffd09d70000 - 0x00007ffd09e0d000 	C:\WINDOWS\System32\msvcrt.dll
0x00007ffd0b360000 - 0x00007ffd0b3bb000 	C:\WINDOWS\System32\sechost.dll
0x00007ffd0c750000 - 0x00007ffd0c86f000 	C:\WINDOWS\System32\RPCRT4.dll
0x00007ffd0be00000 - 0x00007ffd0bf8f000 	C:\WINDOWS\System32\USER32.dll
0x00007ffd09d50000 - 0x00007ffd09d70000 	C:\WINDOWS\System32\win32u.dll
0x00007ffd0b610000 - 0x00007ffd0b638000 	C:\WINDOWS\System32\GDI32.dll
0x00007ffd093f0000 - 0x00007ffd09583000 	C:\WINDOWS\System32\gdi32full.dll
0x00007ffd09a90000 - 0x00007ffd09b2b000 	C:\WINDOWS\System32\msvcp_win.dll
0x00007ffd095f0000 - 0x00007ffd096e6000 	C:\WINDOWS\System32\ucrtbase.dll
0x00007ffcfd1d0000 - 0x00007ffcfd439000 	C:\WINDOWS\WinSxS\amd64_microsoft.windows.common-controls_6595b64144ccf1df_6.0.16299.192_none_15c8cdae9364c23b\COMCTL32.dll
0x00007ffd0b640000 - 0x00007ffd0b948000 	C:\WINDOWS\System32\combase.dll
0x00007ffcff040000 - 0x00007ffcff04a000 	C:\WINDOWS\SYSTEM32\VERSION.dll
0x00007ffd09960000 - 0x00007ffd099d2000 	C:\WINDOWS\System32\bcryptPrimitives.dll
0x00007ffd0b560000 - 0x00007ffd0b58d000 	C:\WINDOWS\System32\IMM32.DLL
0x00007ffcee3c0000 - 0x00007ffcee4af000 	C:\Program Files\Java\jre-9.0.1\bin\msvcr120.dll
0x00007ffcee120000 - 0x00007ffcee1c6000 	C:\Program Files\Java\jre-9.0.1\bin\msvcp120.dll
0x000000006da40000 - 0x000000006e464000 	C:\Program Files\Java\jre-9.0.1\bin\server\jvm.dll
0x00007ffd0b3c0000 - 0x00007ffd0b3c8000 	C:\WINDOWS\System32\PSAPI.DLL
0x00007ffd06f50000 - 0x00007ffd06f73000 	C:\WINDOWS\SYSTEM32\WINMM.dll
0x00007ffcf9f30000 - 0x00007ffcf9f39000 	C:\WINDOWS\SYSTEM32\WSOCK32.dll
0x00007ffd0ba10000 - 0x00007ffd0ba7c000 	C:\WINDOWS\System32\WS2_32.dll
0x00007ffd06e10000 - 0x00007ffd06e3a000 	C:\WINDOWS\SYSTEM32\winmmbase.dll
0x00007ffd09b30000 - 0x00007ffd09b7a000 	C:\WINDOWS\System32\cfgmgr32.dll
0x00007ffcf9b40000 - 0x00007ffcf9b4f000 	C:\Program Files\Java\jre-9.0.1\bin\verify.dll
0x00007ffcf8b20000 - 0x00007ffcf8b47000 	C:\Program Files\Java\jre-9.0.1\bin\java.dll
0x00007ffd02c40000 - 0x00007ffd02c77000 	C:\Users\winter Nebs\Downloads\swing-inspector-windows-1.2.3\x64\swing-inspector-agent.dll
0x000000006d790000 - 0x000000006d862000 	C:\WINDOWS\SYSTEM32\MSVCR100.dll
0x00007ffceea00000 - 0x00007ffceea16000 	C:\Program Files\Java\jre-9.0.1\bin\zip.dll
0x00007ffcf8c50000 - 0x00007ffcf8c5a000 	C:\Program Files\Java\jre-9.0.1\bin\jimage.dll
0x00007ffd09e70000 - 0x00007ffd0b2a6000 	C:\WINDOWS\System32\SHELL32.dll
0x00007ffd0b3e0000 - 0x00007ffd0b486000 	C:\WINDOWS\System32\shcore.dll
0x00007ffd08ca0000 - 0x00007ffd093e7000 	C:\WINDOWS\System32\windows.storage.dll
0x00007ffd0c490000 - 0x00007ffd0c4e1000 	C:\WINDOWS\System32\shlwapi.dll
0x00007ffd08c30000 - 0x00007ffd08c41000 	C:\WINDOWS\System32\kernel.appcore.dll
0x00007ffd08c50000 - 0x00007ffd08c9c000 	C:\WINDOWS\System32\powrprof.dll
0x00007ffd08bf0000 - 0x00007ffd08c0b000 	C:\WINDOWS\System32\profapi.dll
0x00007ffcee9e0000 - 0x00007ffcee9fa000 	C:\Program Files\Java\jre-9.0.1\bin\net.dll
0x00007ffd04370000 - 0x00007ffd0444e000 	C:\WINDOWS\SYSTEM32\WINHTTP.dll
0x00007ffd08480000 - 0x00007ffd084e6000 	C:\WINDOWS\system32\mswsock.dll
0x00007ffcee9c0000 - 0x00007ffcee9d1000 	C:\Program Files\Java\jre-9.0.1\bin\nio.dll
0x00007ffcdebe0000 - 0x00007ffcded79000 	C:\Program Files\Java\jre-9.0.1\bin\awt.dll
0x00007ffd0b490000 - 0x00007ffd0b555000 	C:\WINDOWS\System32\OLEAUT32.dll
0x00007ffd05ba0000 - 0x00007ffd06158000 	C:\WINDOWS\SYSTEM32\d2d1.dll
0x00007ffd09b80000 - 0x00007ffd09d4e000 	C:\WINDOWS\System32\CRYPT32.dll
0x00007ffd08c10000 - 0x00007ffd08c22000 	C:\WINDOWS\System32\MSASN1.dll
0x00007ffd07070000 - 0x00007ffd070f8000 	C:\WINDOWS\SYSTEM32\apphelp.dll
0x00007ffd03350000 - 0x00007ffd03518000 	C:\WINDOWS\SYSTEM32\dbghelp.dll

VM Arguments:
jvm_args: -agentpath:C:\Users\winter Nebs\Downloads\swing-inspector-windows-1.2.3\x64\swing-inspector-agent.dll -Dfile.encoding=Cp1252 
java_command: Crazy8
java_class_path (initial): C:\Users\winter Nebs\git\crazy8sgit\Crazy8s\bin
Launcher Type: SUN_STANDARD

Logging:
Log output configuration:
#0: stdout all=warning uptime,level,tags
#1: stderr all=off uptime,level,tags

Environment Variables:
PATH=C:\ProgramData\Oracle\Java\javapath;C:\WINDOWS\system32;C:\WINDOWS;C:\WINDOWS\System32\Wbem;C:\WINDOWS\System32\WindowsPowerShell\v1.0\;C:\Program Files (x86)\Skype\Phone\;C:\Users\winter Nebs\.dnx\bin;C:\Program Files\Microsoft DNX\Dnvm\;C:\Program Files\Microsoft SQL Server\130\Tools\Binn\;C:\Program Files (x86)\NVIDIA Corporation\PhysX\Common;C:\Program Files\dotnet\;C:\Users\winter Nebs\AppData\Local\Microsoft\WindowsApps;
USERNAME=winter Nebs
OS=Windows_NT
PROCESSOR_IDENTIFIER=Intel64 Family 6 Model 78 Stepping 3, GenuineIntel



---------------  S Y S T E M  ---------------

OS: Windows 10 , 64 bit Build 16299 (10.0.16299.15)

CPU:total 4 (initial active 4) (2 cores per cpu, 2 threads per core) family 6 model 78 stepping 3, cmov, cx8, fxsr, mmx, sse, sse2, sse3, ssse3, sse4.1, sse4.2, popcnt, avx, avx2, aes, clmul, erms, rtm, 3dnowpref, lzcnt, ht, tsc, tscinvbit, bmi1, bmi2, adx, fma

Memory: 4k page, physical 8312100k(3843680k free), swap 9622820k(4301308k free)

vm_info: Java HotSpot(TM) 64-Bit Server VM (9.0.1+11) for windows-amd64 JRE (9.0.1+11), built on Sep 28 2017 04:54:03 by "mach5one" with MS VC++ 12.0 (VS2013)

END.
