#
# A fatal error has been detected by the Java Runtime Environment:
#
#  EXCEPTION_ACCESS_VIOLATION (0xc0000005) at pc=0x000000006ddc6565, pid=2700, tid=10980
#
# JRE version: Java(TM) SE Runtime Environment (9.0+11) (build 9.0.1+11)
# Java VM: Java HotSpot(TM) 64-Bit Server VM (9.0.1+11, mixed mode, tiered, compressed oops, g1 gc, windows-amd64)
# Problematic frame:
# V  [jvm.dll+0x386565]
#
# No core dump will be written. Minidumps are not enabled by default on client versions of Windows
#
# If you would like to submit a bug report, please visit:
#   http://bugreport.java.com/bugreport/crash.jsp
#

---------------  S U M M A R Y ------------

Command Line: -agentpath:C:\swing-inspector-windows-1.2.3\x64\swing-inspector-agent.dll -Dfile.encoding=Cp1252 Crazy8

Host: Intel(R) Core(TM) i7-6600U CPU @ 2.60GHz, 4 cores, 7G,  Windows 10 , 64 bit Build 16299 (10.0.16299.15)
Time: Tue Feb 13 19:16:38 2018 Eastern Standard Time elapsed time: 0 seconds (0d 0h 0m 0s)

---------------  T H R E A D  ---------------

Current thread (0x000001a75ede7800):  JavaThread "main" [_thread_in_vm, id=10980, stack(0x000000648c100000,0x000000648c200000)]

Stack: [0x000000648c100000,0x000000648c200000],  sp=0x000000648c1fdd60,  free space=1015k
Native frames: (J=compiled Java code, j=interpreted, Vv=VM code, C=native code)
V  [jvm.dll+0x386565]
C  [swing-inspector-agent.dll+0x193b]
V  [jvm.dll+0x462071]
V  [jvm.dll+0x45a4d3]
V  [jvm.dll+0x45a606]
V  [jvm.dll+0x477a40]
V  [jvm.dll+0x477e42]
V  [jvm.dll+0x1b183d]
V  [jvm.dll+0x64325b]
V  [jvm.dll+0x644677]
V  [jvm.dll+0x644b2f]
V  [jvm.dll+0x3bce7e]
C  [java.dll+0x1c3d]
C  0x000001a76733921c

Java frames: (J=compiled Java code, j=interpreted, Vv=VM code)
j  java.lang.ClassLoader.findBootstrapClass(Ljava/lang/String;)Ljava/lang/Class;+0 java.base@9.0.1
j  java.lang.ClassLoader.findBootstrapClassOrNull(Ljava/lang/String;)Ljava/lang/Class;+12 java.base@9.0.1
j  java.lang.System$2.findBootstrapClassOrNull(Ljava/lang/ClassLoader;Ljava/lang/String;)Ljava/lang/Class;+2 java.base@9.0.1
j  jdk.internal.loader.ClassLoaders$BootClassLoader.loadClassOrNull(Ljava/lang/String;)Ljava/lang/Class;+5 java.base@9.0.1
j  jdk.internal.loader.BuiltinClassLoader.loadClassOrNull(Ljava/lang/String;Z)Ljava/lang/Class;+66 java.base@9.0.1
j  jdk.internal.loader.BuiltinClassLoader.loadClass(Ljava/lang/String;Z)Ljava/lang/Class;+3 java.base@9.0.1
j  jdk.internal.loader.ClassLoaders$AppClassLoader.loadClass(Ljava/lang/String;Z)Ljava/lang/Class;+36 java.base@9.0.1
j  java.lang.ClassLoader.loadClass(Ljava/lang/String;)Ljava/lang/Class;+3 java.base@9.0.1
v  ~StubRoutines::call_stub

siginfo: EXCEPTION_ACCESS_VIOLATION (0xc0000005), reading address 0x0000000000000000


Register to memory mapping:

RIP=0x000000006ddc6565 jvm.dll
RAX=0x0000000000000000 is an unknown value
RBX=0x000001a75ede7800 is a thread
RCX=0x0000000000000780 is an unknown value
RDX=0x0000000000000000 is an unknown value
RSP=0x000000648c1fdd60 is pointing into the stack for thread: 0x000001a75ede7800
RBP=0x000001a75ede7a18 is an unknown value
RSI=0x000001a77eba0793 is an unknown value
RDI=0x0000000000000000 is an unknown value
R8 =0x0000000000000004 is an unknown value
R9 =0x000001a75edd2920 is an unknown value
R10={method} {0x000001a77e3c46a0} 'getComponentClassData' '()[B' in 'com/swinginspector/util/BCIUtil'
R11=0x000000648c1fdd40 is pointing into the stack for thread: 0x000001a75ede7800
R12=0x000001a75eddfc20 is an unknown value
R13=0x000001a77e738c88 is an unknown value
R14=0x0000000000000000 is an unknown value
R15=0x000000648c1fe3d8 is pointing into the stack for thread: 0x000001a75ede7800


Registers:
RAX=0x0000000000000000, RBX=0x000001a75ede7800, RCX=0x0000000000000780, RDX=0x0000000000000000
RSP=0x000000648c1fdd60, RBP=0x000001a75ede7a18, RSI=0x000001a77eba0793, RDI=0x0000000000000000
R8 =0x0000000000000004, R9 =0x000001a75edd2920, R10=0x000001a77e3c4698, R11=0x000000648c1fdd40
R12=0x000001a75eddfc20, R13=0x000001a77e738c88, R14=0x0000000000000000, R15=0x000000648c1fe3d8
RIP=0x000000006ddc6565, EFLAGS=0x0000000000010246

Top of Stack: (sp=0x000000648c1fdd60)
0x000000648c1fdd60:   000001a77eba0780 000001a75ede7a18
0x000000648c1fdd70:   000001a77eba0793 0000000000000000
0x000000648c1fdd80:   0000000000000000 00007ffcf96e193b
0x000000648c1fdd90:   000001a77eba0780 000001a75ede7a18
0x000000648c1fdda0:   000001a77eb28d28 000001a75edd2920
0x000000648c1fddb0:   0000000000000000 000001a75ede7800
0x000000648c1fddc0:   000001a77eba8728 000000648c1fdee0
0x000000648c1fddd0:   000001a75ede7800 000000006dea2071
0x000000648c1fdde0:   000001a75eddfc20 000000648c1fdf80
0x000000648c1fddf0:   000001a77eba0780 0000000000000000
0x000000648c1fde00:   000001a77eba0780 0000000000000000
0x000000648c1fde10:   000001a7000118b9 000001a77f055490
0x000000648c1fde20:   000000648c1fdf28 000000648c1fde30
0x000000648c1fde30:   0000000000000000 000001a77ddf0360
0x000000648c1fde40:   000001a75edb3be0 000001a77eba0740
0x000000648c1fde50:   000001a77eba07a0 000001a77eba8728 

Instructions: (pc=0x000000006ddc6565)
0x000000006ddc6545:   dd 2d 00 c7 83 90 02 00 00 06 00 00 00 40 f6 c7
0x000000006ddc6555:   01 74 0d 48 8b cf e8 a0 ca 02 00 48 8b c8 eb 03
0x000000006ddc6565:   48 8b 0f 80 3d a6 04 5d 00 00 b8 10 00 00 00 ba
0x000000006ddc6575:   0c 00 00 00 0f 45 c2 48 98 8b 3c 08 c7 83 90 02 



---------------  P R O C E S S  ---------------

Java Threads: ( => current thread )
  0x000001a77e9c0800 JavaThread "Common-Cleaner" daemon [_thread_blocked, id=4028, stack(0x000000648d600000,0x000000648d700000)]
  0x000001a77e796800 JavaThread "Sweeper thread" daemon [_thread_blocked, id=12028, stack(0x000000648d500000,0x000000648d600000)]
  0x000001a77e794800 JavaThread "C1 CompilerThread2" daemon [_thread_blocked, id=8568, stack(0x000000648d400000,0x000000648d500000)]
  0x000001a77e788800 JavaThread "C2 CompilerThread1" daemon [_thread_blocked, id=7900, stack(0x000000648d300000,0x000000648d400000)]
  0x000001a77e783800 JavaThread "C2 CompilerThread0" daemon [_thread_blocked, id=12280, stack(0x000000648d200000,0x000000648d300000)]
  0x000001a77e77a800 JavaThread "Attach Listener" daemon [_thread_blocked, id=5108, stack(0x000000648d100000,0x000000648d200000)]
  0x000001a77e779800 JavaThread "Signal Dispatcher" daemon [_thread_blocked, id=12820, stack(0x000000648d000000,0x000000648d100000)]
  0x000001a77e767000 JavaThread "Finalizer" daemon [_thread_blocked, id=11272, stack(0x000000648cf00000,0x000000648d000000)]
  0x000001a77e73a800 JavaThread "Reference Handler" daemon [_thread_blocked, id=4100, stack(0x000000648ce00000,0x000000648cf00000)]
=>0x000001a75ede7800 JavaThread "main" [_thread_in_vm, id=10980, stack(0x000000648c100000,0x000000648c200000)]

Other Threads:
  0x000001a77e738800 VMThread "VM Thread" [stack: 0x000000648cd00000,0x000000648ce00000] [id=7592]
  0x000001a75edfd000 GCTaskThread "GC Thread#0" [stack: 0x000000648c200000,0x000000648c300000] [id=11872]
  0x000001a75edfe000 GCTaskThread "GC Thread#1" [stack: 0x000000648c300000,0x000000648c400000] [id=6432]
  0x000001a75ee00800 GCTaskThread "GC Thread#2" [stack: 0x000000648c400000,0x000000648c500000] [id=7860]
  0x000001a75ee04000 GCTaskThread "GC Thread#3" [stack: 0x000000648c500000,0x000000648c600000] [id=12520]
  0x000001a75ee85000 ConcurrentGCThread "G1 Main Marker" [stack: 0x000000648cb00000,0x000000648cc00000] [id=8692]
  0x000001a75ee87800 ConcurrentGCThread "G1 Marker#0" [stack: 0x000000648cc00000,0x000000648cd00000] [id=11480]
  0x000001a75ee15800 ConcurrentGCThread "G1 Refine#0" [stack: 0x000000648c900000,0x000000648ca00000] [id=8168]
  0x000001a75ee14000 ConcurrentGCThread "G1 Refine#1" [stack: 0x000000648c800000,0x000000648c900000] [id=2060]
  0x000001a75ee10800 ConcurrentGCThread "G1 Refine#2" [stack: 0x000000648c700000,0x000000648c800000] [id=6644]
  0x000001a75ee06000 ConcurrentGCThread "G1 Refine#3" [stack: 0x000000648c600000,0x000000648c700000] [id=12836]
  0x000001a75ee17000 ConcurrentGCThread "G1 Young RemSet Sampling" [stack: 0x000000648ca00000,0x000000648cb00000] [id=9524]

Threads with active compile tasks:

VM state:not at safepoint (normal execution)

VM Mutex/Monitor currently owned by a thread: None

Heap address: 0x0000000081200000, size: 2030 MB, Compressed Oops mode: 32-bit
Narrow klass base: 0x0000000000000000, Narrow klass shift: 3
Compressed class space size: 1073741824 Address: 0x0000000100000000

Heap:
 garbage-first heap   total 131072K, used 4096K [0x0000000081200000, 0x0000000081300400, 0x0000000100000000)
  region size 1024K, 5 young (5120K), 0 survivors (0K)
 Metaspace       used 6754K, capacity 6982K, committed 7168K, reserved 1056768K
  class space    used 698K, capacity 763K, committed 768K, reserved 1048576K
Heap Regions: E=young(eden), S=young(survivor), O=old, HS=humongous(starts), HC=humongous(continues), CS=collection set, F=free, A=archive, TS=gc time stamp, AC=allocation context, TAMS=top-at-mark-start (previous, next)
|   0|0x0000000081200000, 0x0000000081200000, 0x0000000081300000|  0%| F|  |TS  0|AC  0|TAMS 0x0000000081200000, 0x0000000081200000|
|   1|0x0000000081300000, 0x0000000081300000, 0x0000000081400000|  0%| F|  |TS  0|AC  0|TAMS 0x0000000081300000, 0x0000000081300000|
|   2|0x0000000081400000, 0x0000000081400000, 0x0000000081500000|  0%| F|  |TS  0|AC  0|TAMS 0x0000000081400000, 0x0000000081400000|
|   3|0x0000000081500000, 0x0000000081500000, 0x0000000081600000|  0%| F|  |TS  0|AC  0|TAMS 0x0000000081500000, 0x0000000081500000|
|   4|0x0000000081600000, 0x0000000081600000, 0x0000000081700000|  0%| F|  |TS  0|AC  0|TAMS 0x0000000081600000, 0x0000000081600000|
|   5|0x0000000081700000, 0x0000000081700000, 0x0000000081800000|  0%| F|  |TS  0|AC  0|TAMS 0x0000000081700000, 0x0000000081700000|
|   6|0x0000000081800000, 0x0000000081800000, 0x0000000081900000|  0%| F|  |TS  0|AC  0|TAMS 0x0000000081800000, 0x0000000081800000|
|   7|0x0000000081900000, 0x0000000081900000, 0x0000000081a00000|  0%| F|  |TS  0|AC  0|TAMS 0x0000000081900000, 0x0000000081900000|
|   8|0x0000000081a00000, 0x0000000081a00000, 0x0000000081b00000|  0%| F|  |TS  0|AC  0|TAMS 0x0000000081a00000, 0x0000000081a00000|
|   9|0x0000000081b00000, 0x0000000081b00000, 0x0000000081c00000|  0%| F|  |TS  0|AC  0|TAMS 0x0000000081b00000, 0x0000000081b00000|
|  10|0x0000000081c00000, 0x0000000081c00000, 0x0000000081d00000|  0%| F|  |TS  0|AC  0|TAMS 0x0000000081c00000, 0x0000000081c00000|
|  11|0x0000000081d00000, 0x0000000081d00000, 0x0000000081e00000|  0%| F|  |TS  0|AC  0|TAMS 0x0000000081d00000, 0x0000000081d00000|
|  12|0x0000000081e00000, 0x0000000081e00000, 0x0000000081f00000|  0%| F|  |TS  0|AC  0|TAMS 0x0000000081e00000, 0x0000000081e00000|
|  13|0x0000000081f00000, 0x0000000081f00000, 0x0000000082000000|  0%| F|  |TS  0|AC  0|TAMS 0x0000000081f00000, 0x0000000081f00000|
|  14|0x0000000082000000, 0x0000000082000000, 0x0000000082100000|  0%| F|  |TS  0|AC  0|TAMS 0x0000000082000000, 0x0000000082000000|
|  15|0x0000000082100000, 0x0000000082100000, 0x0000000082200000|  0%| F|  |TS  0|AC  0|TAMS 0x0000000082100000, 0x0000000082100000|
|  16|0x0000000082200000, 0x0000000082200000, 0x0000000082300000|  0%| F|  |TS  0|AC  0|TAMS 0x0000000082200000, 0x0000000082200000|
|  17|0x0000000082300000, 0x0000000082300000, 0x0000000082400000|  0%| F|  |TS  0|AC  0|TAMS 0x0000000082300000, 0x0000000082300000|
|  18|0x0000000082400000, 0x0000000082400000, 0x0000000082500000|  0%| F|  |TS  0|AC  0|TAMS 0x0000000082400000, 0x0000000082400000|
|  19|0x0000000082500000, 0x0000000082500000, 0x0000000082600000|  0%| F|  |TS  0|AC  0|TAMS 0x0000000082500000, 0x0000000082500000|
|  20|0x0000000082600000, 0x0000000082600000, 0x0000000082700000|  0%| F|  |TS  0|AC  0|TAMS 0x0000000082600000, 0x0000000082600000|
|  21|0x0000000082700000, 0x0000000082700000, 0x0000000082800000|  0%| F|  |TS  0|AC  0|TAMS 0x0000000082700000, 0x0000000082700000|
|  22|0x0000000082800000, 0x0000000082800000, 0x0000000082900000|  0%| F|  |TS  0|AC  0|TAMS 0x0000000082800000, 0x0000000082800000|
|  23|0x0000000082900000, 0x0000000082900000, 0x0000000082a00000|  0%| F|  |TS  0|AC  0|TAMS 0x0000000082900000, 0x0000000082900000|
|  24|0x0000000082a00000, 0x0000000082a00000, 0x0000000082b00000|  0%| F|  |TS  0|AC  0|TAMS 0x0000000082a00000, 0x0000000082a00000|
|  25|0x0000000082b00000, 0x0000000082b00000, 0x0000000082c00000|  0%| F|  |TS  0|AC  0|TAMS 0x0000000082b00000, 0x0000000082b00000|
|  26|0x0000000082c00000, 0x0000000082c00000, 0x0000000082d00000|  0%| F|  |TS  0|AC  0|TAMS 0x0000000082c00000, 0x0000000082c00000|
|  27|0x0000000082d00000, 0x0000000082d00000, 0x0000000082e00000|  0%| F|  |TS  0|AC  0|TAMS 0x0000000082d00000, 0x0000000082d00000|
|  28|0x0000000082e00000, 0x0000000082e00000, 0x0000000082f00000|  0%| F|  |TS  0|AC  0|TAMS 0x0000000082e00000, 0x0000000082e00000|
|  29|0x0000000082f00000, 0x0000000082f00000, 0x0000000083000000|  0%| F|  |TS  0|AC  0|TAMS 0x0000000082f00000, 0x0000000082f00000|
|  30|0x0000000083000000, 0x0000000083000000, 0x0000000083100000|  0%| F|  |TS  0|AC  0|TAMS 0x0000000083000000, 0x0000000083000000|
|  31|0x0000000083100000, 0x0000000083100000, 0x0000000083200000|  0%| F|  |TS  0|AC  0|TAMS 0x0000000083100000, 0x0000000083100000|
|  32|0x0000000083200000, 0x0000000083200000, 0x0000000083300000|  0%| F|  |TS  0|AC  0|TAMS 0x0000000083200000, 0x0000000083200000|
|  33|0x0000000083300000, 0x0000000083300000, 0x0000000083400000|  0%| F|  |TS  0|AC  0|TAMS 0x0000000083300000, 0x0000000083300000|
|  34|0x0000000083400000, 0x0000000083400000, 0x0000000083500000|  0%| F|  |TS  0|AC  0|TAMS 0x0000000083400000, 0x0000000083400000|
|  35|0x0000000083500000, 0x0000000083500000, 0x0000000083600000|  0%| F|  |TS  0|AC  0|TAMS 0x0000000083500000, 0x0000000083500000|
|  36|0x0000000083600000, 0x0000000083600000, 0x0000000083700000|  0%| F|  |TS  0|AC  0|TAMS 0x0000000083600000, 0x0000000083600000|
|  37|0x0000000083700000, 0x0000000083700000, 0x0000000083800000|  0%| F|  |TS  0|AC  0|TAMS 0x0000000083700000, 0x0000000083700000|
|  38|0x0000000083800000, 0x0000000083800000, 0x0000000083900000|  0%| F|  |TS  0|AC  0|TAMS 0x0000000083800000, 0x0000000083800000|
|  39|0x0000000083900000, 0x0000000083900000, 0x0000000083a00000|  0%| F|  |TS  0|AC  0|TAMS 0x0000000083900000, 0x0000000083900000|
|  40|0x0000000083a00000, 0x0000000083a00000, 0x0000000083b00000|  0%| F|  |TS  0|AC  0|TAMS 0x0000000083a00000, 0x0000000083a00000|
|  41|0x0000000083b00000, 0x0000000083b00000, 0x0000000083c00000|  0%| F|  |TS  0|AC  0|TAMS 0x0000000083b00000, 0x0000000083b00000|
|  42|0x0000000083c00000, 0x0000000083c00000, 0x0000000083d00000|  0%| F|  |TS  0|AC  0|TAMS 0x0000000083c00000, 0x0000000083c00000|
|  43|0x0000000083d00000, 0x0000000083d00000, 0x0000000083e00000|  0%| F|  |TS  0|AC  0|TAMS 0x0000000083d00000, 0x0000000083d00000|
|  44|0x0000000083e00000, 0x0000000083e00000, 0x0000000083f00000|  0%| F|  |TS  0|AC  0|TAMS 0x0000000083e00000, 0x0000000083e00000|
|  45|0x0000000083f00000, 0x0000000083f00000, 0x0000000084000000|  0%| F|  |TS  0|AC  0|TAMS 0x0000000083f00000, 0x0000000083f00000|
|  46|0x0000000084000000, 0x0000000084000000, 0x0000000084100000|  0%| F|  |TS  0|AC  0|TAMS 0x0000000084000000, 0x0000000084000000|
|  47|0x0000000084100000, 0x0000000084100000, 0x0000000084200000|  0%| F|  |TS  0|AC  0|TAMS 0x0000000084100000, 0x0000000084100000|
|  48|0x0000000084200000, 0x0000000084200000, 0x0000000084300000|  0%| F|  |TS  0|AC  0|TAMS 0x0000000084200000, 0x0000000084200000|
|  49|0x0000000084300000, 0x0000000084300000, 0x0000000084400000|  0%| F|  |TS  0|AC  0|TAMS 0x0000000084300000, 0x0000000084300000|
|  50|0x0000000084400000, 0x0000000084400000, 0x0000000084500000|  0%| F|  |TS  0|AC  0|TAMS 0x0000000084400000, 0x0000000084400000|
|  51|0x0000000084500000, 0x0000000084500000, 0x0000000084600000|  0%| F|  |TS  0|AC  0|TAMS 0x0000000084500000, 0x0000000084500000|
|  52|0x0000000084600000, 0x0000000084600000, 0x0000000084700000|  0%| F|  |TS  0|AC  0|TAMS 0x0000000084600000, 0x0000000084600000|
|  53|0x0000000084700000, 0x0000000084700000, 0x0000000084800000|  0%| F|  |TS  0|AC  0|TAMS 0x0000000084700000, 0x0000000084700000|
|  54|0x0000000084800000, 0x0000000084800000, 0x0000000084900000|  0%| F|  |TS  0|AC  0|TAMS 0x0000000084800000, 0x0000000084800000|
|  55|0x0000000084900000, 0x0000000084900000, 0x0000000084a00000|  0%| F|  |TS  0|AC  0|TAMS 0x0000000084900000, 0x0000000084900000|
|  56|0x0000000084a00000, 0x0000000084a00000, 0x0000000084b00000|  0%| F|  |TS  0|AC  0|TAMS 0x0000000084a00000, 0x0000000084a00000|
|  57|0x0000000084b00000, 0x0000000084b00000, 0x0000000084c00000|  0%| F|  |TS  0|AC  0|TAMS 0x0000000084b00000, 0x0000000084b00000|
|  58|0x0000000084c00000, 0x0000000084c00000, 0x0000000084d00000|  0%| F|  |TS  0|AC  0|TAMS 0x0000000084c00000, 0x0000000084c00000|
|  59|0x0000000084d00000, 0x0000000084d00000, 0x0000000084e00000|  0%| F|  |TS  0|AC  0|TAMS 0x0000000084d00000, 0x0000000084d00000|
|  60|0x0000000084e00000, 0x0000000084e00000, 0x0000000084f00000|  0%| F|  |TS  0|AC  0|TAMS 0x0000000084e00000, 0x0000000084e00000|
|  61|0x0000000084f00000, 0x0000000084f00000, 0x0000000085000000|  0%| F|  |TS  0|AC  0|TAMS 0x0000000084f00000, 0x0000000084f00000|
|  62|0x0000000085000000, 0x0000000085000000, 0x0000000085100000|  0%| F|  |TS  0|AC  0|TAMS 0x0000000085000000, 0x0000000085000000|
|  63|0x0000000085100000, 0x0000000085100000, 0x0000000085200000|  0%| F|  |TS  0|AC  0|TAMS 0x0000000085100000, 0x0000000085100000|
|  64|0x0000000085200000, 0x0000000085200000, 0x0000000085300000|  0%| F|  |TS  0|AC  0|TAMS 0x0000000085200000, 0x0000000085200000|
|  65|0x0000000085300000, 0x0000000085300000, 0x0000000085400000|  0%| F|  |TS  0|AC  0|TAMS 0x0000000085300000, 0x0000000085300000|
|  66|0x0000000085400000, 0x0000000085400000, 0x0000000085500000|  0%| F|  |TS  0|AC  0|TAMS 0x0000000085400000, 0x0000000085400000|
|  67|0x0000000085500000, 0x0000000085500000, 0x0000000085600000|  0%| F|  |TS  0|AC  0|TAMS 0x0000000085500000, 0x0000000085500000|
|  68|0x0000000085600000, 0x0000000085600000, 0x0000000085700000|  0%| F|  |TS  0|AC  0|TAMS 0x0000000085600000, 0x0000000085600000|
|  69|0x0000000085700000, 0x0000000085700000, 0x0000000085800000|  0%| F|  |TS  0|AC  0|TAMS 0x0000000085700000, 0x0000000085700000|
|  70|0x0000000085800000, 0x0000000085800000, 0x0000000085900000|  0%| F|  |TS  0|AC  0|TAMS 0x0000000085800000, 0x0000000085800000|
|  71|0x0000000085900000, 0x0000000085900000, 0x0000000085a00000|  0%| F|  |TS  0|AC  0|TAMS 0x0000000085900000, 0x0000000085900000|
|  72|0x0000000085a00000, 0x0000000085a00000, 0x0000000085b00000|  0%| F|  |TS  0|AC  0|TAMS 0x0000000085a00000, 0x0000000085a00000|
|  73|0x0000000085b00000, 0x0000000085b00000, 0x0000000085c00000|  0%| F|  |TS  0|AC  0|TAMS 0x0000000085b00000, 0x0000000085b00000|
|  74|0x0000000085c00000, 0x0000000085c00000, 0x0000000085d00000|  0%| F|  |TS  0|AC  0|TAMS 0x0000000085c00000, 0x0000000085c00000|
|  75|0x0000000085d00000, 0x0000000085d00000, 0x0000000085e00000|  0%| F|  |TS  0|AC  0|TAMS 0x0000000085d00000, 0x0000000085d00000|
|  76|0x0000000085e00000, 0x0000000085e00000, 0x0000000085f00000|  0%| F|  |TS  0|AC  0|TAMS 0x0000000085e00000, 0x0000000085e00000|
|  77|0x0000000085f00000, 0x0000000085f00000, 0x0000000086000000|  0%| F|  |TS  0|AC  0|TAMS 0x0000000085f00000, 0x0000000085f00000|
|  78|0x0000000086000000, 0x0000000086000000, 0x0000000086100000|  0%| F|  |TS  0|AC  0|TAMS 0x0000000086000000, 0x0000000086000000|
|  79|0x0000000086100000, 0x0000000086100000, 0x0000000086200000|  0%| F|  |TS  0|AC  0|TAMS 0x0000000086100000, 0x0000000086100000|
|  80|0x0000000086200000, 0x0000000086200000, 0x0000000086300000|  0%| F|  |TS  0|AC  0|TAMS 0x0000000086200000, 0x0000000086200000|
|  81|0x0000000086300000, 0x0000000086300000, 0x0000000086400000|  0%| F|  |TS  0|AC  0|TAMS 0x0000000086300000, 0x0000000086300000|
|  82|0x0000000086400000, 0x0000000086400000, 0x0000000086500000|  0%| F|  |TS  0|AC  0|TAMS 0x0000000086400000, 0x0000000086400000|
|  83|0x0000000086500000, 0x0000000086500000, 0x0000000086600000|  0%| F|  |TS  0|AC  0|TAMS 0x0000000086500000, 0x0000000086500000|
|  84|0x0000000086600000, 0x0000000086600000, 0x0000000086700000|  0%| F|  |TS  0|AC  0|TAMS 0x0000000086600000, 0x0000000086600000|
|  85|0x0000000086700000, 0x0000000086700000, 0x0000000086800000|  0%| F|  |TS  0|AC  0|TAMS 0x0000000086700000, 0x0000000086700000|
|  86|0x0000000086800000, 0x0000000086800000, 0x0000000086900000|  0%| F|  |TS  0|AC  0|TAMS 0x0000000086800000, 0x0000000086800000|
|  87|0x0000000086900000, 0x0000000086900000, 0x0000000086a00000|  0%| F|  |TS  0|AC  0|TAMS 0x0000000086900000, 0x0000000086900000|
|  88|0x0000000086a00000, 0x0000000086a00000, 0x0000000086b00000|  0%| F|  |TS  0|AC  0|TAMS 0x0000000086a00000, 0x0000000086a00000|
|  89|0x0000000086b00000, 0x0000000086b00000, 0x0000000086c00000|  0%| F|  |TS  0|AC  0|TAMS 0x0000000086b00000, 0x0000000086b00000|
|  90|0x0000000086c00000, 0x0000000086c00000, 0x0000000086d00000|  0%| F|  |TS  0|AC  0|TAMS 0x0000000086c00000, 0x0000000086c00000|
|  91|0x0000000086d00000, 0x0000000086d00000, 0x0000000086e00000|  0%| F|  |TS  0|AC  0|TAMS 0x0000000086d00000, 0x0000000086d00000|
|  92|0x0000000086e00000, 0x0000000086e00000, 0x0000000086f00000|  0%| F|  |TS  0|AC  0|TAMS 0x0000000086e00000, 0x0000000086e00000|
|  93|0x0000000086f00000, 0x0000000086f00000, 0x0000000087000000|  0%| F|  |TS  0|AC  0|TAMS 0x0000000086f00000, 0x0000000086f00000|
|  94|0x0000000087000000, 0x0000000087000000, 0x0000000087100000|  0%| F|  |TS  0|AC  0|TAMS 0x0000000087000000, 0x0000000087000000|
|  95|0x0000000087100000, 0x0000000087100000, 0x0000000087200000|  0%| F|  |TS  0|AC  0|TAMS 0x0000000087100000, 0x0000000087100000|
|  96|0x0000000087200000, 0x0000000087200000, 0x0000000087300000|  0%| F|  |TS  0|AC  0|TAMS 0x0000000087200000, 0x0000000087200000|
|  97|0x0000000087300000, 0x0000000087300000, 0x0000000087400000|  0%| F|  |TS  0|AC  0|TAMS 0x0000000087300000, 0x0000000087300000|
|  98|0x0000000087400000, 0x0000000087400000, 0x0000000087500000|  0%| F|  |TS  0|AC  0|TAMS 0x0000000087400000, 0x0000000087400000|
|  99|0x0000000087500000, 0x0000000087500000, 0x0000000087600000|  0%| F|  |TS  0|AC  0|TAMS 0x0000000087500000, 0x0000000087500000|
| 100|0x0000000087600000, 0x0000000087600000, 0x0000000087700000|  0%| F|  |TS  0|AC  0|TAMS 0x0000000087600000, 0x0000000087600000|
| 101|0x0000000087700000, 0x0000000087700000, 0x0000000087800000|  0%| F|  |TS  0|AC  0|TAMS 0x0000000087700000, 0x0000000087700000|
| 102|0x0000000087800000, 0x0000000087800000, 0x0000000087900000|  0%| F|  |TS  0|AC  0|TAMS 0x0000000087800000, 0x0000000087800000|
| 103|0x0000000087900000, 0x0000000087900000, 0x0000000087a00000|  0%| F|  |TS  0|AC  0|TAMS 0x0000000087900000, 0x0000000087900000|
| 104|0x0000000087a00000, 0x0000000087a00000, 0x0000000087b00000|  0%| F|  |TS  0|AC  0|TAMS 0x0000000087a00000, 0x0000000087a00000|
| 105|0x0000000087b00000, 0x0000000087b00000, 0x0000000087c00000|  0%| F|  |TS  0|AC  0|TAMS 0x0000000087b00000, 0x0000000087b00000|
| 106|0x0000000087c00000, 0x0000000087c00000, 0x0000000087d00000|  0%| F|  |TS  0|AC  0|TAMS 0x0000000087c00000, 0x0000000087c00000|
| 107|0x0000000087d00000, 0x0000000087d00000, 0x0000000087e00000|  0%| F|  |TS  0|AC  0|TAMS 0x0000000087d00000, 0x0000000087d00000|
| 108|0x0000000087e00000, 0x0000000087e00000, 0x0000000087f00000|  0%| F|  |TS  0|AC  0|TAMS 0x0000000087e00000, 0x0000000087e00000|
| 109|0x0000000087f00000, 0x0000000087f00000, 0x0000000088000000|  0%| F|  |TS  0|AC  0|TAMS 0x0000000087f00000, 0x0000000087f00000|
| 110|0x0000000088000000, 0x0000000088000000, 0x0000000088100000|  0%| F|  |TS  0|AC  0|TAMS 0x0000000088000000, 0x0000000088000000|
| 111|0x0000000088100000, 0x0000000088100000, 0x0000000088200000|  0%| F|  |TS  0|AC  0|TAMS 0x0000000088100000, 0x0000000088100000|
| 112|0x0000000088200000, 0x0000000088200000, 0x0000000088300000|  0%| F|  |TS  0|AC  0|TAMS 0x0000000088200000, 0x0000000088200000|
| 113|0x0000000088300000, 0x0000000088300000, 0x0000000088400000|  0%| F|  |TS  0|AC  0|TAMS 0x0000000088300000, 0x0000000088300000|
| 114|0x0000000088400000, 0x0000000088400000, 0x0000000088500000|  0%| F|  |TS  0|AC  0|TAMS 0x0000000088400000, 0x0000000088400000|
| 115|0x0000000088500000, 0x0000000088500000, 0x0000000088600000|  0%| F|  |TS  0|AC  0|TAMS 0x0000000088500000, 0x0000000088500000|
| 116|0x0000000088600000, 0x0000000088600000, 0x0000000088700000|  0%| F|  |TS  0|AC  0|TAMS 0x0000000088600000, 0x0000000088600000|
| 117|0x0000000088700000, 0x0000000088700000, 0x0000000088800000|  0%| F|  |TS  0|AC  0|TAMS 0x0000000088700000, 0x0000000088700000|
| 118|0x0000000088800000, 0x0000000088800000, 0x0000000088900000|  0%| F|  |TS  0|AC  0|TAMS 0x0000000088800000, 0x0000000088800000|
| 119|0x0000000088900000, 0x0000000088900000, 0x0000000088a00000|  0%| F|  |TS  0|AC  0|TAMS 0x0000000088900000, 0x0000000088900000|
| 120|0x0000000088a00000, 0x0000000088a00000, 0x0000000088b00000|  0%| F|  |TS  0|AC  0|TAMS 0x0000000088a00000, 0x0000000088a00000|
| 121|0x0000000088b00000, 0x0000000088b00000, 0x0000000088c00000|  0%| F|  |TS  0|AC  0|TAMS 0x0000000088b00000, 0x0000000088b00000|
| 122|0x0000000088c00000, 0x0000000088c00000, 0x0000000088d00000|  0%| F|  |TS  0|AC  0|TAMS 0x0000000088c00000, 0x0000000088c00000|
| 123|0x0000000088d00000, 0x0000000088dd7968, 0x0000000088e00000| 84%| E|  |TS  0|AC  0|TAMS 0x0000000088d00000, 0x0000000088d00000|
| 124|0x0000000088e00000, 0x0000000088f00000, 0x0000000088f00000|100%| E|CS|TS  0|AC  0|TAMS 0x0000000088e00000, 0x0000000088e00000|
| 125|0x0000000088f00000, 0x0000000089000000, 0x0000000089000000|100%| E|CS|TS  0|AC  0|TAMS 0x0000000088f00000, 0x0000000088f00000|
| 126|0x0000000089000000, 0x0000000089100000, 0x0000000089100000|100%| E|CS|TS  0|AC  0|TAMS 0x0000000089000000, 0x0000000089000000|
| 127|0x0000000089100000, 0x0000000089200000, 0x0000000089200000|100%| E|CS|TS  0|AC  0|TAMS 0x0000000089100000, 0x0000000089100000|

Card table byte_map: [0x000001a777140000,0x000001a777540000] byte_map_base: 0x000001a776d37000

Marking Bits (Prev, Next): (CMBitMap*) 0x000001a75ee1d7e0, (CMBitMap*) 0x000001a75ee1d818
 Prev Bits: [0x000001a777940000, 0x000001a7798f8000)
 Next Bits: [0x000001a779900000, 0x000001a77b8b8000)

Polling page: 0x000001a75cb40000

CodeHeap 'non-profiled nmethods': size=120064Kb used=150Kb max_used=150Kb free=119914Kb
 bounds [0x000001a76ede0000, 0x000001a76f050000, 0x000001a776320000]
CodeHeap 'profiled nmethods': size=120000Kb used=855Kb max_used=855Kb free=119144Kb
 bounds [0x000001a7678b0000, 0x000001a767b20000, 0x000001a76ede0000]
CodeHeap 'non-nmethods': size=5696Kb used=1216Kb max_used=1222Kb free=4479Kb
 bounds [0x000001a767320000, 0x000001a767590000, 0x000001a7678b0000]
 total_blobs=969 nmethods=507 adapters=279
 compilation: enabled

Compilation events (10 events):
Event: 0.291 Thread 0x000001a77e794800  489       1       sun.util.locale.BaseLocale$Key::access$300 (5 bytes)
Event: 0.291 Thread 0x000001a77e794800 nmethod 489 0x000001a76ee04d90 code [0x000001a76ee04f40, 0x000001a76ee05038]
Event: 0.291 Thread 0x000001a77e794800  490       1       sun.util.locale.BaseLocale$Key::access$400 (5 bytes)
Event: 0.291 Thread 0x000001a77e794800 nmethod 490 0x000001a76ee05110 code [0x000001a76ee052c0, 0x000001a76ee053b8]
Event: 0.291 Thread 0x000001a77e794800  504       1       java.nio.DirectByteBuffer::address (5 bytes)
Event: 0.291 Thread 0x000001a77e794800 nmethod 504 0x000001a76ee05490 code [0x000001a76ee05640, 0x000001a76ee05758]
Event: 0.293 Thread 0x000001a77e794800  506       3       java.lang.String::charAt (25 bytes)
Event: 0.293 Thread 0x000001a77e794800 nmethod 506 0x000001a767984f10 code [0x000001a767985120, 0x000001a767985680]
Event: 0.293 Thread 0x000001a77e794800  507       3       java.io.WinNTFileSystem::isSlash (18 bytes)
Event: 0.293 Thread 0x000001a77e794800 nmethod 507 0x000001a767985890 code [0x000001a767985a40, 0x000001a767985c38]

GC Heap History (0 events):
No events

Deoptimization events (1 events):
Event: 0.291 Thread 0x000001a75ede7800 Uncommon trap: reason=unstable_if action=reinterpret pc=0x000001a76eded618 method=java.lang.String.charAt(I)C @ 4 c2

Classes redefined (0 events):
No events

Internal exceptions (10 events):
Event: 0.236 Thread 0x000001a75ede7800 Exception <a 'java/lang/NoSuchMethodError'{0x0000000088e1ae30}: method resolution failed> (0x0000000088e1ae30) thrown at [t:/workspace/hotspot/src/share/vm/prims/methodHandles.cpp, line 1256]
Event: 0.237 Thread 0x000001a75ede7800 Exception <a 'java/lang/NoSuchMethodError'{0x0000000088e2a7c8}: java.lang.invoke.DirectMethodHandle$Holder.invokeSpecial(Ljava/lang/Object;Ljava/lang/Object;IILjava/lang/Object;Ljava/lang/Object;Ljava/lang/Object;)Ljava/lang/Object;> (0x0000000088e2a7c8) 
Event: 0.238 Thread 0x000001a75ede7800 Exception <a 'java/lang/NoSuchMethodError'{0x0000000088e2dde0}: java.lang.invoke.DelegatingMethodHandle$Holder.reinvoke_L(Ljava/lang/Object;IILjava/lang/Object;Ljava/lang/Object;Ljava/lang/Object;)Ljava/lang/Object;> (0x0000000088e2dde0) thrown at [t:/wor
Event: 0.238 Thread 0x000001a75ede7800 Exception <a 'java/lang/NoSuchMethodError'{0x0000000088e32730}: method resolution failed> (0x0000000088e32730) thrown at [t:/workspace/hotspot/src/share/vm/prims/methodHandles.cpp, line 1256]
Event: 0.239 Thread 0x000001a75ede7800 Exception <a 'java/lang/NoSuchMethodError'{0x0000000088e46fa0}: method resolution failed> (0x0000000088e46fa0) thrown at [t:/workspace/hotspot/src/share/vm/prims/methodHandles.cpp, line 1256]
Event: 0.241 Thread 0x000001a75ede7800 Exception <a 'java/lang/NoSuchMethodError'{0x0000000088e5c5f8}: method resolution failed> (0x0000000088e5c5f8) thrown at [t:/workspace/hotspot/src/share/vm/prims/methodHandles.cpp, line 1256]
Event: 0.243 Thread 0x000001a75ede7800 Exception <a 'java/lang/NoSuchMethodError'{0x0000000088e73360}: method resolution failed> (0x0000000088e73360) thrown at [t:/workspace/hotspot/src/share/vm/prims/methodHandles.cpp, line 1256]
Event: 0.245 Thread 0x000001a75ede7800 Exception <a 'java/lang/NoSuchMethodError'{0x0000000088e8b988}: method resolution failed> (0x0000000088e8b988) thrown at [t:/workspace/hotspot/src/share/vm/prims/methodHandles.cpp, line 1256]
Event: 0.246 Thread 0x000001a75ede7800 Exception <a 'java/io/FileNotFoundException'{0x0000000088e95118}> (0x0000000088e95118) thrown at [t:/workspace/hotspot/src/share/vm/prims/jni.cpp, line 604]
Event: 0.293 Thread 0x000001a75ede7800 Exception <a 'java/io/FileNotFoundException'{0x0000000088dcc028}> (0x0000000088dcc028) thrown at [t:/workspace/hotspot/src/share/vm/prims/jni.cpp, line 604]

Events (10 events):
Event: 0.292 loading class java/text/DontCareFieldPosition
Event: 0.292 loading class java/text/DontCareFieldPosition done
Event: 0.292 loading class java/text/DontCareFieldPosition$1
Event: 0.292 loading class java/text/Format$FieldDelegate
Event: 0.292 loading class java/text/Format$FieldDelegate done
Event: 0.292 loading class java/text/DontCareFieldPosition$1 done
Event: 0.292 loading class java/io/PrintWriter
Event: 0.293 loading class java/io/PrintWriter done
Event: 0.293 loading class java/io/FileWriter
Event: 0.293 loading class java/io/FileWriter done


Dynamic libraries:
0x00007ff6abad0000 - 0x00007ff6abb0e000 	C:\Program Files\Java\jre-9.0.1\bin\javaw.exe
0x00007ffd0c8a0000 - 0x00007ffd0ca80000 	C:\WINDOWS\SYSTEM32\ntdll.dll
0x00007ffd0b2b0000 - 0x00007ffd0b35e000 	C:\WINDOWS\System32\KERNEL32.DLL
0x00007ffd096f0000 - 0x00007ffd09956000 	C:\WINDOWS\System32\KERNELBASE.dll
0x00007ffd0c3e0000 - 0x00007ffd0c481000 	C:\WINDOWS\System32\ADVAPI32.dll
0x00007ffd09d70000 - 0x00007ffd09e0d000 	C:\WINDOWS\System32\msvcrt.dll
0x00007ffd0b360000 - 0x00007ffd0b3bb000 	C:\WINDOWS\System32\sechost.dll
0x00007ffd0c750000 - 0x00007ffd0c86f000 	C:\WINDOWS\System32\RPCRT4.dll
0x00007ffd0be00000 - 0x00007ffd0bf8f000 	C:\WINDOWS\System32\USER32.dll
0x00007ffd09d50000 - 0x00007ffd09d70000 	C:\WINDOWS\System32\win32u.dll
0x00007ffd0b610000 - 0x00007ffd0b638000 	C:\WINDOWS\System32\GDI32.dll
0x00007ffd093f0000 - 0x00007ffd09583000 	C:\WINDOWS\System32\gdi32full.dll
0x00007ffd09a90000 - 0x00007ffd09b2b000 	C:\WINDOWS\System32\msvcp_win.dll
0x00007ffd095f0000 - 0x00007ffd096e6000 	C:\WINDOWS\System32\ucrtbase.dll
0x00007ffcfd1d0000 - 0x00007ffcfd439000 	C:\WINDOWS\WinSxS\amd64_microsoft.windows.common-controls_6595b64144ccf1df_6.0.16299.192_none_15c8cdae9364c23b\COMCTL32.dll
0x00007ffcff040000 - 0x00007ffcff04a000 	C:\WINDOWS\SYSTEM32\VERSION.dll
0x00007ffd0b640000 - 0x00007ffd0b948000 	C:\WINDOWS\System32\combase.dll
0x00007ffd09960000 - 0x00007ffd099d2000 	C:\WINDOWS\System32\bcryptPrimitives.dll
0x00007ffd0b560000 - 0x00007ffd0b58d000 	C:\WINDOWS\System32\IMM32.DLL
0x00007ffcee3c0000 - 0x00007ffcee4af000 	C:\Program Files\Java\jre-9.0.1\bin\msvcr120.dll
0x00007ffcee120000 - 0x00007ffcee1c6000 	C:\Program Files\Java\jre-9.0.1\bin\msvcp120.dll
0x000000006da40000 - 0x000000006e464000 	C:\Program Files\Java\jre-9.0.1\bin\server\jvm.dll
0x00007ffd0b3c0000 - 0x00007ffd0b3c8000 	C:\WINDOWS\System32\PSAPI.DLL
0x00007ffd06f50000 - 0x00007ffd06f73000 	C:\WINDOWS\SYSTEM32\WINMM.dll
0x00007ffcf9f30000 - 0x00007ffcf9f39000 	C:\WINDOWS\SYSTEM32\WSOCK32.dll
0x00007ffd0ba10000 - 0x00007ffd0ba7c000 	C:\WINDOWS\System32\WS2_32.dll
0x00007ffd06e10000 - 0x00007ffd06e3a000 	C:\WINDOWS\SYSTEM32\WINMMBASE.dll
0x00007ffd09b30000 - 0x00007ffd09b7a000 	C:\WINDOWS\System32\cfgmgr32.dll
0x00007ffcf9b40000 - 0x00007ffcf9b4f000 	C:\Program Files\Java\jre-9.0.1\bin\verify.dll
0x00007ffcf8b20000 - 0x00007ffcf8b47000 	C:\Program Files\Java\jre-9.0.1\bin\java.dll
0x00007ffcf96e0000 - 0x00007ffcf9717000 	C:\swing-inspector-windows-1.2.3\x64\swing-inspector-agent.dll
0x000000006d390000 - 0x000000006d462000 	C:\WINDOWS\SYSTEM32\MSVCR100.dll
0x00007ffceea00000 - 0x00007ffceea16000 	C:\Program Files\Java\jre-9.0.1\bin\zip.dll
0x00007ffcf8c50000 - 0x00007ffcf8c5a000 	C:\Program Files\Java\jre-9.0.1\bin\jimage.dll
0x00007ffd09e70000 - 0x00007ffd0b2a6000 	C:\WINDOWS\System32\SHELL32.dll
0x00007ffd0b3e0000 - 0x00007ffd0b486000 	C:\WINDOWS\System32\shcore.dll
0x00007ffd08ca0000 - 0x00007ffd093e7000 	C:\WINDOWS\System32\windows.storage.dll
0x00007ffd0c490000 - 0x00007ffd0c4e1000 	C:\WINDOWS\System32\shlwapi.dll
0x00007ffd08c30000 - 0x00007ffd08c41000 	C:\WINDOWS\System32\kernel.appcore.dll
0x00007ffd08c50000 - 0x00007ffd08c9c000 	C:\WINDOWS\System32\powrprof.dll
0x00007ffd08bf0000 - 0x00007ffd08c0b000 	C:\WINDOWS\System32\profapi.dll
0x00007ffcee9e0000 - 0x00007ffcee9fa000 	C:\Program Files\Java\jre-9.0.1\bin\net.dll
0x00007ffd04370000 - 0x00007ffd0444e000 	C:\WINDOWS\SYSTEM32\WINHTTP.dll
0x00007ffd08480000 - 0x00007ffd084e6000 	C:\WINDOWS\system32\mswsock.dll
0x00007ffcee9c0000 - 0x00007ffcee9d1000 	C:\Program Files\Java\jre-9.0.1\bin\nio.dll
0x00007ffcdebe0000 - 0x00007ffcded79000 	C:\Program Files\Java\jre-9.0.1\bin\awt.dll
0x00007ffd0b490000 - 0x00007ffd0b555000 	C:\WINDOWS\System32\OLEAUT32.dll
0x00007ffd05ba0000 - 0x00007ffd06158000 	C:\WINDOWS\SYSTEM32\d2d1.dll
0x00007ffd09b80000 - 0x00007ffd09d4e000 	C:\WINDOWS\System32\CRYPT32.dll
0x00007ffd08c10000 - 0x00007ffd08c22000 	C:\WINDOWS\System32\MSASN1.dll
0x00007ffd07070000 - 0x00007ffd070f8000 	C:\WINDOWS\SYSTEM32\apphelp.dll
0x00007ffd03350000 - 0x00007ffd03518000 	C:\WINDOWS\SYSTEM32\dbghelp.dll

VM Arguments:
jvm_args: -agentpath:C:\swing-inspector-windows-1.2.3\x64\swing-inspector-agent.dll -Dfile.encoding=Cp1252 
java_command: Crazy8
java_class_path (initial): C:\Users\winter Nebs\git\crazy8sgit\Crazy8s\bin
Launcher Type: SUN_STANDARD

Logging:
Log output configuration:
#0: stdout all=warning uptime,level,tags
#1: stderr all=off uptime,level,tags

Environment Variables:
PATH=C:\ProgramData\Oracle\Java\javapath;C:\WINDOWS\system32;C:\WINDOWS;C:\WINDOWS\System32\Wbem;C:\WINDOWS\System32\WindowsPowerShell\v1.0\;C:\Program Files (x86)\Skype\Phone\;C:\Users\winter Nebs\.dnx\bin;C:\Program Files\Microsoft DNX\Dnvm\;C:\Program Files\Microsoft SQL Server\130\Tools\Binn\;C:\Program Files (x86)\NVIDIA Corporation\PhysX\Common;C:\Program Files\dotnet\;C:\Users\winter Nebs\AppData\Local\Microsoft\WindowsApps;
USERNAME=winter Nebs
OS=Windows_NT
PROCESSOR_IDENTIFIER=Intel64 Family 6 Model 78 Stepping 3, GenuineIntel



---------------  S Y S T E M  ---------------

OS: Windows 10 , 64 bit Build 16299 (10.0.16299.15)

CPU:total 4 (initial active 4) (2 cores per cpu, 2 threads per core) family 6 model 78 stepping 3, cmov, cx8, fxsr, mmx, sse, sse2, sse3, ssse3, sse4.1, sse4.2, popcnt, avx, avx2, aes, clmul, erms, rtm, 3dnowpref, lzcnt, ht, tsc, tscinvbit, bmi1, bmi2, adx, fma

Memory: 4k page, physical 8312100k(3569304k free), swap 9622820k(4020788k free)

vm_info: Java HotSpot(TM) 64-Bit Server VM (9.0.1+11) for windows-amd64 JRE (9.0.1+11), built on Sep 28 2017 04:54:03 by "mach5one" with MS VC++ 12.0 (VS2013)

END.
