#
# A fatal error has been detected by the Java Runtime Environment:
#
#  EXCEPTION_ACCESS_VIOLATION (0xc0000005) at pc=0x0000000056056565, pid=5484, tid=8168
#
# JRE version: Java(TM) SE Runtime Environment (9.0+11) (build 9.0.1+11)
# Java VM: Java HotSpot(TM) 64-Bit Server VM (9.0.1+11, mixed mode, tiered, compressed oops, g1 gc, windows-amd64)
# Problematic frame:
# V  [jvm.dll+0x386565]
#
# No core dump will be written. Minidumps are not enabled by default on client versions of Windows
#
# If you would like to submit a bug report, please visit:
#   http://bugreport.java.com/bugreport/crash.jsp
#

---------------  S U M M A R Y ------------

Command Line: -agentpath:C:\Users\winter Nebs\Downloads\swing-inspector-windows-1.2.3\x64\swing-inspector-agent.dll -Dfile.encoding=Cp1252 Crazy8

Host: Intel(R) Core(TM) i7-6600U CPU @ 2.60GHz, 4 cores, 7G,  Windows 10 , 64 bit Build 16299 (10.0.16299.15)
Time: Tue Feb 13 19:20:23 2018 Eastern Standard Time elapsed time: 0 seconds (0d 0h 0m 0s)

---------------  T H R E A D  ---------------

Current thread (0x000002485ccc5800):  JavaThread "main" [_thread_in_vm, id=8168, stack(0x000000b092a00000,0x000000b092b00000)]

Stack: [0x000000b092a00000,0x000000b092b00000],  sp=0x000000b092afdf00,  free space=1015k
Native frames: (J=compiled Java code, j=interpreted, Vv=VM code, C=native code)
V  [jvm.dll+0x386565]
C  [swing-inspector-agent.dll+0x193b]
V  [jvm.dll+0x462071]
V  [jvm.dll+0x45a4d3]
V  [jvm.dll+0x45a606]
V  [jvm.dll+0x477a40]
V  [jvm.dll+0x477e42]
V  [jvm.dll+0x1b183d]
V  [jvm.dll+0x64325b]
V  [jvm.dll+0x644677]
V  [jvm.dll+0x644b2f]
V  [jvm.dll+0x3bce7e]
C  [java.dll+0x1c3d]
C  0x00000248653c921c

Java frames: (J=compiled Java code, j=interpreted, Vv=VM code)
j  java.lang.ClassLoader.findBootstrapClass(Ljava/lang/String;)Ljava/lang/Class;+0 java.base@9.0.1
j  java.lang.ClassLoader.findBootstrapClassOrNull(Ljava/lang/String;)Ljava/lang/Class;+12 java.base@9.0.1
j  java.lang.System$2.findBootstrapClassOrNull(Ljava/lang/ClassLoader;Ljava/lang/String;)Ljava/lang/Class;+2 java.base@9.0.1
j  jdk.internal.loader.ClassLoaders$BootClassLoader.loadClassOrNull(Ljava/lang/String;)Ljava/lang/Class;+5 java.base@9.0.1
j  jdk.internal.loader.BuiltinClassLoader.loadClassOrNull(Ljava/lang/String;Z)Ljava/lang/Class;+66 java.base@9.0.1
j  jdk.internal.loader.BuiltinClassLoader.loadClass(Ljava/lang/String;Z)Ljava/lang/Class;+3 java.base@9.0.1
j  jdk.internal.loader.ClassLoaders$AppClassLoader.loadClass(Ljava/lang/String;Z)Ljava/lang/Class;+36 java.base@9.0.1
j  java.lang.ClassLoader.loadClass(Ljava/lang/String;)Ljava/lang/Class;+3 java.base@9.0.1
v  ~StubRoutines::call_stub

siginfo: EXCEPTION_ACCESS_VIOLATION (0xc0000005), reading address 0x0000000000000000


Register to memory mapping:

RIP=0x0000000056056565 jvm.dll
RAX=0x0000000000000000 is an unknown value
RBX=0x000002485ccc5800 is a thread
RCX=0x0000000000000580 is an unknown value
RDX=0x0000000000000000 is an unknown value
RSP=0x000000b092afdf00 is pointing into the stack for thread: 0x000002485ccc5800
RBP=0x000002485ccc5a18 is an unknown value
RSI=0x000002487cd927d3 is an unknown value
RDI=0x0000000000000000 is an unknown value
R8 =0x0000000000000004 is an unknown value
R9 =0x000002485ccb0c60 is an unknown value
R10={method} {0x000002487c457ff0} 'getComponentClassData' '()[B' in 'com/swinginspector/util/BCIUtil'
R11=0x000000b092afdee0 is pointing into the stack for thread: 0x000002485ccc5800
R12=0x000002485ccbead0 is an unknown value
R13=0x000002487c7cfb88 is an unknown value
R14=0x0000000000000000 is an unknown value
R15=0x000000b092afe578 is pointing into the stack for thread: 0x000002485ccc5800


Registers:
RAX=0x0000000000000000, RBX=0x000002485ccc5800, RCX=0x0000000000000580, RDX=0x0000000000000000
RSP=0x000000b092afdf00, RBP=0x000002485ccc5a18, RSI=0x000002487cd927d3, RDI=0x0000000000000000
R8 =0x0000000000000004, R9 =0x000002485ccb0c60, R10=0x000002487c457fe8, R11=0x000000b092afdee0
R12=0x000002485ccbead0, R13=0x000002487c7cfb88, R14=0x0000000000000000, R15=0x000000b092afe578
RIP=0x0000000056056565, EFLAGS=0x0000000000010246

Top of Stack: (sp=0x000000b092afdf00)
0x000000b092afdf00:   000002487cd927c0 000002485ccc5a18
0x000000b092afdf10:   000002487cd927d3 0000000000000000
0x000000b092afdf20:   0000000000000000 00007ffd232c193b
0x000000b092afdf30:   000002487cd927c0 000002485ccc5a18
0x000000b092afdf40:   000002487cb72ad8 000002485ccb0c60
0x000000b092afdf50:   0000000000000000 000002485ccc5800
0x000000b092afdf60:   000002487cd9a768 000000b092afe080
0x000000b092afdf70:   000002485ccc5800 0000000056132071
0x000000b092afdf80:   000002485ccbead0 000000b092afe120
0x000000b092afdf90:   000002487cd927c0 0000000000000000
0x000000b092afdfa0:   000002487cd927c0 0000000000000000
0x000000b092afdfb0:   00000248000118b9 000002487d08e550
0x000000b092afdfc0:   000000b092afe0c8 000000b092afdfd0
0x000000b092afdfd0:   0000000000000000 000002485ccbe910
0x000000b092afdfe0:   000002485cc95990 000002487cd92780
0x000000b092afdff0:   000002487cd927e0 000002487cd9a768 

Instructions: (pc=0x0000000056056565)
0x0000000056056545:   dd 2d 00 c7 83 90 02 00 00 06 00 00 00 40 f6 c7
0x0000000056056555:   01 74 0d 48 8b cf e8 a0 ca 02 00 48 8b c8 eb 03
0x0000000056056565:   48 8b 0f 80 3d a6 04 5d 00 00 b8 10 00 00 00 ba
0x0000000056056575:   0c 00 00 00 0f 45 c2 48 98 8b 3c 08 c7 83 90 02 



---------------  P R O C E S S  ---------------

Java Threads: ( => current thread )
  0x000002487c8d2800 JavaThread "Common-Cleaner" daemon [_thread_blocked, id=10664, stack(0x000000b094000000,0x000000b094100000)]
  0x000002487c87d000 JavaThread "Sweeper thread" daemon [_thread_blocked, id=10660, stack(0x000000b093f00000,0x000000b094000000)]
  0x000002487c877800 JavaThread "C1 CompilerThread2" daemon [_thread_blocked, id=6360, stack(0x000000b093e00000,0x000000b093f00000)]
  0x000002487c86c800 JavaThread "C2 CompilerThread1" daemon [_thread_blocked, id=10588, stack(0x000000b093d00000,0x000000b093e00000)]
  0x000002487c80d000 JavaThread "C2 CompilerThread0" daemon [_thread_blocked, id=10608, stack(0x000000b093c00000,0x000000b093d00000)]
  0x000002487c80c000 JavaThread "Attach Listener" daemon [_thread_blocked, id=10616, stack(0x000000b093b00000,0x000000b093c00000)]
  0x000002487c80b000 JavaThread "Signal Dispatcher" daemon [_thread_blocked, id=10596, stack(0x000000b093a00000,0x000000b093b00000)]
  0x000002487c802000 JavaThread "Finalizer" daemon [_thread_blocked, id=10584, stack(0x000000b093900000,0x000000b093a00000)]
  0x000002487c7f8800 JavaThread "Reference Handler" daemon [_thread_blocked, id=10592, stack(0x000000b093800000,0x000000b093900000)]
=>0x000002485ccc5800 JavaThread "main" [_thread_in_vm, id=8168, stack(0x000000b092a00000,0x000000b092b00000)]

Other Threads:
  0x000002487c7cd000 VMThread "VM Thread" [stack: 0x000000b093700000,0x000000b093800000] [id=10600]
  0x000002485ccdc800 GCTaskThread "GC Thread#0" [stack: 0x000000b092c00000,0x000000b092d00000] [id=8012]
  0x000002485ccde000 GCTaskThread "GC Thread#1" [stack: 0x000000b092d00000,0x000000b092e00000] [id=8064]
  0x000002485cce0800 GCTaskThread "GC Thread#2" [stack: 0x000000b092e00000,0x000000b092f00000] [id=8088]
  0x000002485cce7000 GCTaskThread "GC Thread#3" [stack: 0x000000b092f00000,0x000000b093000000] [id=8004]
  0x000002485cd6d800 ConcurrentGCThread "G1 Main Marker" [stack: 0x000000b093500000,0x000000b093600000] [id=8084]
  0x000002485cce9000 ConcurrentGCThread "G1 Marker#0" [stack: 0x000000b093600000,0x000000b093700000] [id=10612]
  0x000002485ccf9000 ConcurrentGCThread "G1 Refine#0" [stack: 0x000000b093300000,0x000000b093400000] [id=7880]
  0x000002485ccf1800 ConcurrentGCThread "G1 Refine#1" [stack: 0x000000b093200000,0x000000b093300000] [id=7912]
  0x000002485ccef800 ConcurrentGCThread "G1 Refine#2" [stack: 0x000000b093100000,0x000000b093200000] [id=7832]
  0x000002485cceb000 ConcurrentGCThread "G1 Refine#3" [stack: 0x000000b093000000,0x000000b093100000] [id=7916]
  0x000002485ccfa000 ConcurrentGCThread "G1 Young RemSet Sampling" [stack: 0x000000b093400000,0x000000b093500000] [id=7928]

Threads with active compile tasks:

VM state:not at safepoint (normal execution)

VM Mutex/Monitor currently owned by a thread: None

Heap address: 0x0000000081200000, size: 2030 MB, Compressed Oops mode: 32-bit
Narrow klass base: 0x0000000000000000, Narrow klass shift: 3
Compressed class space size: 1073741824 Address: 0x0000000100000000

Heap:
 garbage-first heap   total 131072K, used 4096K [0x0000000081200000, 0x0000000081300400, 0x0000000100000000)
  region size 1024K, 5 young (5120K), 0 survivors (0K)
 Metaspace       used 6771K, capacity 7046K, committed 7168K, reserved 1056768K
  class space    used 698K, capacity 763K, committed 768K, reserved 1048576K
Heap Regions: E=young(eden), S=young(survivor), O=old, HS=humongous(starts), HC=humongous(continues), CS=collection set, F=free, A=archive, TS=gc time stamp, AC=allocation context, TAMS=top-at-mark-start (previous, next)
|   0|0x0000000081200000, 0x0000000081200000, 0x0000000081300000|  0%| F|  |TS  0|AC  0|TAMS 0x0000000081200000, 0x0000000081200000|
|   1|0x0000000081300000, 0x0000000081300000, 0x0000000081400000|  0%| F|  |TS  0|AC  0|TAMS 0x0000000081300000, 0x0000000081300000|
|   2|0x0000000081400000, 0x0000000081400000, 0x0000000081500000|  0%| F|  |TS  0|AC  0|TAMS 0x0000000081400000, 0x0000000081400000|
|   3|0x0000000081500000, 0x0000000081500000, 0x0000000081600000|  0%| F|  |TS  0|AC  0|TAMS 0x0000000081500000, 0x0000000081500000|
|   4|0x0000000081600000, 0x0000000081600000, 0x0000000081700000|  0%| F|  |TS  0|AC  0|TAMS 0x0000000081600000, 0x0000000081600000|
|   5|0x0000000081700000, 0x0000000081700000, 0x0000000081800000|  0%| F|  |TS  0|AC  0|TAMS 0x0000000081700000, 0x0000000081700000|
|   6|0x0000000081800000, 0x0000000081800000, 0x0000000081900000|  0%| F|  |TS  0|AC  0|TAMS 0x0000000081800000, 0x0000000081800000|
|   7|0x0000000081900000, 0x0000000081900000, 0x0000000081a00000|  0%| F|  |TS  0|AC  0|TAMS 0x0000000081900000, 0x0000000081900000|
|   8|0x0000000081a00000, 0x0000000081a00000, 0x0000000081b00000|  0%| F|  |TS  0|AC  0|TAMS 0x0000000081a00000, 0x0000000081a00000|
|   9|0x0000000081b00000, 0x0000000081b00000, 0x0000000081c00000|  0%| F|  |TS  0|AC  0|TAMS 0x0000000081b00000, 0x0000000081b00000|
|  10|0x0000000081c00000, 0x0000000081c00000, 0x0000000081d00000|  0%| F|  |TS  0|AC  0|TAMS 0x0000000081c00000, 0x0000000081c00000|
|  11|0x0000000081d00000, 0x0000000081d00000, 0x0000000081e00000|  0%| F|  |TS  0|AC  0|TAMS 0x0000000081d00000, 0x0000000081d00000|
|  12|0x0000000081e00000, 0x0000000081e00000, 0x0000000081f00000|  0%| F|  |TS  0|AC  0|TAMS 0x0000000081e00000, 0x0000000081e00000|
|  13|0x0000000081f00000, 0x0000000081f00000, 0x0000000082000000|  0%| F|  |TS  0|AC  0|TAMS 0x0000000081f00000, 0x0000000081f00000|
|  14|0x0000000082000000, 0x0000000082000000, 0x0000000082100000|  0%| F|  |TS  0|AC  0|TAMS 0x0000000082000000, 0x0000000082000000|
|  15|0x0000000082100000, 0x0000000082100000, 0x0000000082200000|  0%| F|  |TS  0|AC  0|TAMS 0x0000000082100000, 0x0000000082100000|
|  16|0x0000000082200000, 0x0000000082200000, 0x0000000082300000|  0%| F|  |TS  0|AC  0|TAMS 0x0000000082200000, 0x0000000082200000|
|  17|0x0000000082300000, 0x0000000082300000, 0x0000000082400000|  0%| F|  |TS  0|AC  0|TAMS 0x0000000082300000, 0x0000000082300000|
|  18|0x0000000082400000, 0x0000000082400000, 0x0000000082500000|  0%| F|  |TS  0|AC  0|TAMS 0x0000000082400000, 0x0000000082400000|
|  19|0x0000000082500000, 0x0000000082500000, 0x0000000082600000|  0%| F|  |TS  0|AC  0|TAMS 0x0000000082500000, 0x0000000082500000|
|  20|0x0000000082600000, 0x0000000082600000, 0x0000000082700000|  0%| F|  |TS  0|AC  0|TAMS 0x0000000082600000, 0x0000000082600000|
|  21|0x0000000082700000, 0x0000000082700000, 0x0000000082800000|  0%| F|  |TS  0|AC  0|TAMS 0x0000000082700000, 0x0000000082700000|
|  22|0x0000000082800000, 0x0000000082800000, 0x0000000082900000|  0%| F|  |TS  0|AC  0|TAMS 0x0000000082800000, 0x0000000082800000|
|  23|0x0000000082900000, 0x0000000082900000, 0x0000000082a00000|  0%| F|  |TS  0|AC  0|TAMS 0x0000000082900000, 0x0000000082900000|
|  24|0x0000000082a00000, 0x0000000082a00000, 0x0000000082b00000|  0%| F|  |TS  0|AC  0|TAMS 0x0000000082a00000, 0x0000000082a00000|
|  25|0x0000000082b00000, 0x0000000082b00000, 0x0000000082c00000|  0%| F|  |TS  0|AC  0|TAMS 0x0000000082b00000, 0x0000000082b00000|
|  26|0x0000000082c00000, 0x0000000082c00000, 0x0000000082d00000|  0%| F|  |TS  0|AC  0|TAMS 0x0000000082c00000, 0x0000000082c00000|
|  27|0x0000000082d00000, 0x0000000082d00000, 0x0000000082e00000|  0%| F|  |TS  0|AC  0|TAMS 0x0000000082d00000, 0x0000000082d00000|
|  28|0x0000000082e00000, 0x0000000082e00000, 0x0000000082f00000|  0%| F|  |TS  0|AC  0|TAMS 0x0000000082e00000, 0x0000000082e00000|
|  29|0x0000000082f00000, 0x0000000082f00000, 0x0000000083000000|  0%| F|  |TS  0|AC  0|TAMS 0x0000000082f00000, 0x0000000082f00000|
|  30|0x0000000083000000, 0x0000000083000000, 0x0000000083100000|  0%| F|  |TS  0|AC  0|TAMS 0x0000000083000000, 0x0000000083000000|
|  31|0x0000000083100000, 0x0000000083100000, 0x0000000083200000|  0%| F|  |TS  0|AC  0|TAMS 0x0000000083100000, 0x0000000083100000|
|  32|0x0000000083200000, 0x0000000083200000, 0x0000000083300000|  0%| F|  |TS  0|AC  0|TAMS 0x0000000083200000, 0x0000000083200000|
|  33|0x0000000083300000, 0x0000000083300000, 0x0000000083400000|  0%| F|  |TS  0|AC  0|TAMS 0x0000000083300000, 0x0000000083300000|
|  34|0x0000000083400000, 0x0000000083400000, 0x0000000083500000|  0%| F|  |TS  0|AC  0|TAMS 0x0000000083400000, 0x0000000083400000|
|  35|0x0000000083500000, 0x0000000083500000, 0x0000000083600000|  0%| F|  |TS  0|AC  0|TAMS 0x0000000083500000, 0x0000000083500000|
|  36|0x0000000083600000, 0x0000000083600000, 0x0000000083700000|  0%| F|  |TS  0|AC  0|TAMS 0x0000000083600000, 0x0000000083600000|
|  37|0x0000000083700000, 0x0000000083700000, 0x0000000083800000|  0%| F|  |TS  0|AC  0|TAMS 0x0000000083700000, 0x0000000083700000|
|  38|0x0000000083800000, 0x0000000083800000, 0x0000000083900000|  0%| F|  |TS  0|AC  0|TAMS 0x0000000083800000, 0x0000000083800000|
|  39|0x0000000083900000, 0x0000000083900000, 0x0000000083a00000|  0%| F|  |TS  0|AC  0|TAMS 0x0000000083900000, 0x0000000083900000|
|  40|0x0000000083a00000, 0x0000000083a00000, 0x0000000083b00000|  0%| F|  |TS  0|AC  0|TAMS 0x0000000083a00000, 0x0000000083a00000|
|  41|0x0000000083b00000, 0x0000000083b00000, 0x0000000083c00000|  0%| F|  |TS  0|AC  0|TAMS 0x0000000083b00000, 0x0000000083b00000|
|  42|0x0000000083c00000, 0x0000000083c00000, 0x0000000083d00000|  0%| F|  |TS  0|AC  0|TAMS 0x0000000083c00000, 0x0000000083c00000|
|  43|0x0000000083d00000, 0x0000000083d00000, 0x0000000083e00000|  0%| F|  |TS  0|AC  0|TAMS 0x0000000083d00000, 0x0000000083d00000|
|  44|0x0000000083e00000, 0x0000000083e00000, 0x0000000083f00000|  0%| F|  |TS  0|AC  0|TAMS 0x0000000083e00000, 0x0000000083e00000|
|  45|0x0000000083f00000, 0x0000000083f00000, 0x0000000084000000|  0%| F|  |TS  0|AC  0|TAMS 0x0000000083f00000, 0x0000000083f00000|
|  46|0x0000000084000000, 0x0000000084000000, 0x0000000084100000|  0%| F|  |TS  0|AC  0|TAMS 0x0000000084000000, 0x0000000084000000|
|  47|0x0000000084100000, 0x0000000084100000, 0x0000000084200000|  0%| F|  |TS  0|AC  0|TAMS 0x0000000084100000, 0x0000000084100000|
|  48|0x0000000084200000, 0x0000000084200000, 0x0000000084300000|  0%| F|  |TS  0|AC  0|TAMS 0x0000000084200000, 0x0000000084200000|
|  49|0x0000000084300000, 0x0000000084300000, 0x0000000084400000|  0%| F|  |TS  0|AC  0|TAMS 0x0000000084300000, 0x0000000084300000|
|  50|0x0000000084400000, 0x0000000084400000, 0x0000000084500000|  0%| F|  |TS  0|AC  0|TAMS 0x0000000084400000, 0x0000000084400000|
|  51|0x0000000084500000, 0x0000000084500000, 0x0000000084600000|  0%| F|  |TS  0|AC  0|TAMS 0x0000000084500000, 0x0000000084500000|
|  52|0x0000000084600000, 0x0000000084600000, 0x0000000084700000|  0%| F|  |TS  0|AC  0|TAMS 0x0000000084600000, 0x0000000084600000|
|  53|0x0000000084700000, 0x0000000084700000, 0x0000000084800000|  0%| F|  |TS  0|AC  0|TAMS 0x0000000084700000, 0x0000000084700000|
|  54|0x0000000084800000, 0x0000000084800000, 0x0000000084900000|  0%| F|  |TS  0|AC  0|TAMS 0x0000000084800000, 0x0000000084800000|
|  55|0x0000000084900000, 0x0000000084900000, 0x0000000084a00000|  0%| F|  |TS  0|AC  0|TAMS 0x0000000084900000, 0x0000000084900000|
|  56|0x0000000084a00000, 0x0000000084a00000, 0x0000000084b00000|  0%| F|  |TS  0|AC  0|TAMS 0x0000000084a00000, 0x0000000084a00000|
|  57|0x0000000084b00000, 0x0000000084b00000, 0x0000000084c00000|  0%| F|  |TS  0|AC  0|TAMS 0x0000000084b00000, 0x0000000084b00000|
|  58|0x0000000084c00000, 0x0000000084c00000, 0x0000000084d00000|  0%| F|  |TS  0|AC  0|TAMS 0x0000000084c00000, 0x0000000084c00000|
|  59|0x0000000084d00000, 0x0000000084d00000, 0x0000000084e00000|  0%| F|  |TS  0|AC  0|TAMS 0x0000000084d00000, 0x0000000084d00000|
|  60|0x0000000084e00000, 0x0000000084e00000, 0x0000000084f00000|  0%| F|  |TS  0|AC  0|TAMS 0x0000000084e00000, 0x0000000084e00000|
|  61|0x0000000084f00000, 0x0000000084f00000, 0x0000000085000000|  0%| F|  |TS  0|AC  0|TAMS 0x0000000084f00000, 0x0000000084f00000|
|  62|0x0000000085000000, 0x0000000085000000, 0x0000000085100000|  0%| F|  |TS  0|AC  0|TAMS 0x0000000085000000, 0x0000000085000000|
|  63|0x0000000085100000, 0x0000000085100000, 0x0000000085200000|  0%| F|  |TS  0|AC  0|TAMS 0x0000000085100000, 0x0000000085100000|
|  64|0x0000000085200000, 0x0000000085200000, 0x0000000085300000|  0%| F|  |TS  0|AC  0|TAMS 0x0000000085200000, 0x0000000085200000|
|  65|0x0000000085300000, 0x0000000085300000, 0x0000000085400000|  0%| F|  |TS  0|AC  0|TAMS 0x0000000085300000, 0x0000000085300000|
|  66|0x0000000085400000, 0x0000000085400000, 0x0000000085500000|  0%| F|  |TS  0|AC  0|TAMS 0x0000000085400000, 0x0000000085400000|
|  67|0x0000000085500000, 0x0000000085500000, 0x0000000085600000|  0%| F|  |TS  0|AC  0|TAMS 0x0000000085500000, 0x0000000085500000|
|  68|0x0000000085600000, 0x0000000085600000, 0x0000000085700000|  0%| F|  |TS  0|AC  0|TAMS 0x0000000085600000, 0x0000000085600000|
|  69|0x0000000085700000, 0x0000000085700000, 0x0000000085800000|  0%| F|  |TS  0|AC  0|TAMS 0x0000000085700000, 0x0000000085700000|
|  70|0x0000000085800000, 0x0000000085800000, 0x0000000085900000|  0%| F|  |TS  0|AC  0|TAMS 0x0000000085800000, 0x0000000085800000|
|  71|0x0000000085900000, 0x0000000085900000, 0x0000000085a00000|  0%| F|  |TS  0|AC  0|TAMS 0x0000000085900000, 0x0000000085900000|
|  72|0x0000000085a00000, 0x0000000085a00000, 0x0000000085b00000|  0%| F|  |TS  0|AC  0|TAMS 0x0000000085a00000, 0x0000000085a00000|
|  73|0x0000000085b00000, 0x0000000085b00000, 0x0000000085c00000|  0%| F|  |TS  0|AC  0|TAMS 0x0000000085b00000, 0x0000000085b00000|
|  74|0x0000000085c00000, 0x0000000085c00000, 0x0000000085d00000|  0%| F|  |TS  0|AC  0|TAMS 0x0000000085c00000, 0x0000000085c00000|
|  75|0x0000000085d00000, 0x0000000085d00000, 0x0000000085e00000|  0%| F|  |TS  0|AC  0|TAMS 0x0000000085d00000, 0x0000000085d00000|
|  76|0x0000000085e00000, 0x0000000085e00000, 0x0000000085f00000|  0%| F|  |TS  0|AC  0|TAMS 0x0000000085e00000, 0x0000000085e00000|
|  77|0x0000000085f00000, 0x0000000085f00000, 0x0000000086000000|  0%| F|  |TS  0|AC  0|TAMS 0x0000000085f00000, 0x0000000085f00000|
|  78|0x0000000086000000, 0x0000000086000000, 0x0000000086100000|  0%| F|  |TS  0|AC  0|TAMS 0x0000000086000000, 0x0000000086000000|
|  79|0x0000000086100000, 0x0000000086100000, 0x0000000086200000|  0%| F|  |TS  0|AC  0|TAMS 0x0000000086100000, 0x0000000086100000|
|  80|0x0000000086200000, 0x0000000086200000, 0x0000000086300000|  0%| F|  |TS  0|AC  0|TAMS 0x0000000086200000, 0x0000000086200000|
|  81|0x0000000086300000, 0x0000000086300000, 0x0000000086400000|  0%| F|  |TS  0|AC  0|TAMS 0x0000000086300000, 0x0000000086300000|
|  82|0x0000000086400000, 0x0000000086400000, 0x0000000086500000|  0%| F|  |TS  0|AC  0|TAMS 0x0000000086400000, 0x0000000086400000|
|  83|0x0000000086500000, 0x0000000086500000, 0x0000000086600000|  0%| F|  |TS  0|AC  0|TAMS 0x0000000086500000, 0x0000000086500000|
|  84|0x0000000086600000, 0x0000000086600000, 0x0000000086700000|  0%| F|  |TS  0|AC  0|TAMS 0x0000000086600000, 0x0000000086600000|
|  85|0x0000000086700000, 0x0000000086700000, 0x0000000086800000|  0%| F|  |TS  0|AC  0|TAMS 0x0000000086700000, 0x0000000086700000|
|  86|0x0000000086800000, 0x0000000086800000, 0x0000000086900000|  0%| F|  |TS  0|AC  0|TAMS 0x0000000086800000, 0x0000000086800000|
|  87|0x0000000086900000, 0x0000000086900000, 0x0000000086a00000|  0%| F|  |TS  0|AC  0|TAMS 0x0000000086900000, 0x0000000086900000|
|  88|0x0000000086a00000, 0x0000000086a00000, 0x0000000086b00000|  0%| F|  |TS  0|AC  0|TAMS 0x0000000086a00000, 0x0000000086a00000|
|  89|0x0000000086b00000, 0x0000000086b00000, 0x0000000086c00000|  0%| F|  |TS  0|AC  0|TAMS 0x0000000086b00000, 0x0000000086b00000|
|  90|0x0000000086c00000, 0x0000000086c00000, 0x0000000086d00000|  0%| F|  |TS  0|AC  0|TAMS 0x0000000086c00000, 0x0000000086c00000|
|  91|0x0000000086d00000, 0x0000000086d00000, 0x0000000086e00000|  0%| F|  |TS  0|AC  0|TAMS 0x0000000086d00000, 0x0000000086d00000|
|  92|0x0000000086e00000, 0x0000000086e00000, 0x0000000086f00000|  0%| F|  |TS  0|AC  0|TAMS 0x0000000086e00000, 0x0000000086e00000|
|  93|0x0000000086f00000, 0x0000000086f00000, 0x0000000087000000|  0%| F|  |TS  0|AC  0|TAMS 0x0000000086f00000, 0x0000000086f00000|
|  94|0x0000000087000000, 0x0000000087000000, 0x0000000087100000|  0%| F|  |TS  0|AC  0|TAMS 0x0000000087000000, 0x0000000087000000|
|  95|0x0000000087100000, 0x0000000087100000, 0x0000000087200000|  0%| F|  |TS  0|AC  0|TAMS 0x0000000087100000, 0x0000000087100000|
|  96|0x0000000087200000, 0x0000000087200000, 0x0000000087300000|  0%| F|  |TS  0|AC  0|TAMS 0x0000000087200000, 0x0000000087200000|
|  97|0x0000000087300000, 0x0000000087300000, 0x0000000087400000|  0%| F|  |TS  0|AC  0|TAMS 0x0000000087300000, 0x0000000087300000|
|  98|0x0000000087400000, 0x0000000087400000, 0x0000000087500000|  0%| F|  |TS  0|AC  0|TAMS 0x0000000087400000, 0x0000000087400000|
|  99|0x0000000087500000, 0x0000000087500000, 0x0000000087600000|  0%| F|  |TS  0|AC  0|TAMS 0x0000000087500000, 0x0000000087500000|
| 100|0x0000000087600000, 0x0000000087600000, 0x0000000087700000|  0%| F|  |TS  0|AC  0|TAMS 0x0000000087600000, 0x0000000087600000|
| 101|0x0000000087700000, 0x0000000087700000, 0x0000000087800000|  0%| F|  |TS  0|AC  0|TAMS 0x0000000087700000, 0x0000000087700000|
| 102|0x0000000087800000, 0x0000000087800000, 0x0000000087900000|  0%| F|  |TS  0|AC  0|TAMS 0x0000000087800000, 0x0000000087800000|
| 103|0x0000000087900000, 0x0000000087900000, 0x0000000087a00000|  0%| F|  |TS  0|AC  0|TAMS 0x0000000087900000, 0x0000000087900000|
| 104|0x0000000087a00000, 0x0000000087a00000, 0x0000000087b00000|  0%| F|  |TS  0|AC  0|TAMS 0x0000000087a00000, 0x0000000087a00000|
| 105|0x0000000087b00000, 0x0000000087b00000, 0x0000000087c00000|  0%| F|  |TS  0|AC  0|TAMS 0x0000000087b00000, 0x0000000087b00000|
| 106|0x0000000087c00000, 0x0000000087c00000, 0x0000000087d00000|  0%| F|  |TS  0|AC  0|TAMS 0x0000000087c00000, 0x0000000087c00000|
| 107|0x0000000087d00000, 0x0000000087d00000, 0x0000000087e00000|  0%| F|  |TS  0|AC  0|TAMS 0x0000000087d00000, 0x0000000087d00000|
| 108|0x0000000087e00000, 0x0000000087e00000, 0x0000000087f00000|  0%| F|  |TS  0|AC  0|TAMS 0x0000000087e00000, 0x0000000087e00000|
| 109|0x0000000087f00000, 0x0000000087f00000, 0x0000000088000000|  0%| F|  |TS  0|AC  0|TAMS 0x0000000087f00000, 0x0000000087f00000|
| 110|0x0000000088000000, 0x0000000088000000, 0x0000000088100000|  0%| F|  |TS  0|AC  0|TAMS 0x0000000088000000, 0x0000000088000000|
| 111|0x0000000088100000, 0x0000000088100000, 0x0000000088200000|  0%| F|  |TS  0|AC  0|TAMS 0x0000000088100000, 0x0000000088100000|
| 112|0x0000000088200000, 0x0000000088200000, 0x0000000088300000|  0%| F|  |TS  0|AC  0|TAMS 0x0000000088200000, 0x0000000088200000|
| 113|0x0000000088300000, 0x0000000088300000, 0x0000000088400000|  0%| F|  |TS  0|AC  0|TAMS 0x0000000088300000, 0x0000000088300000|
| 114|0x0000000088400000, 0x0000000088400000, 0x0000000088500000|  0%| F|  |TS  0|AC  0|TAMS 0x0000000088400000, 0x0000000088400000|
| 115|0x0000000088500000, 0x0000000088500000, 0x0000000088600000|  0%| F|  |TS  0|AC  0|TAMS 0x0000000088500000, 0x0000000088500000|
| 116|0x0000000088600000, 0x0000000088600000, 0x0000000088700000|  0%| F|  |TS  0|AC  0|TAMS 0x0000000088600000, 0x0000000088600000|
| 117|0x0000000088700000, 0x0000000088700000, 0x0000000088800000|  0%| F|  |TS  0|AC  0|TAMS 0x0000000088700000, 0x0000000088700000|
| 118|0x0000000088800000, 0x0000000088800000, 0x0000000088900000|  0%| F|  |TS  0|AC  0|TAMS 0x0000000088800000, 0x0000000088800000|
| 119|0x0000000088900000, 0x0000000088900000, 0x0000000088a00000|  0%| F|  |TS  0|AC  0|TAMS 0x0000000088900000, 0x0000000088900000|
| 120|0x0000000088a00000, 0x0000000088a00000, 0x0000000088b00000|  0%| F|  |TS  0|AC  0|TAMS 0x0000000088a00000, 0x0000000088a00000|
| 121|0x0000000088b00000, 0x0000000088b00000, 0x0000000088c00000|  0%| F|  |TS  0|AC  0|TAMS 0x0000000088b00000, 0x0000000088b00000|
| 122|0x0000000088c00000, 0x0000000088c00000, 0x0000000088d00000|  0%| F|  |TS  0|AC  0|TAMS 0x0000000088c00000, 0x0000000088c00000|
| 123|0x0000000088d00000, 0x0000000088d8fdf0, 0x0000000088e00000| 56%| E|  |TS  0|AC  0|TAMS 0x0000000088d00000, 0x0000000088d00000|
| 124|0x0000000088e00000, 0x0000000088f00000, 0x0000000088f00000|100%| E|CS|TS  0|AC  0|TAMS 0x0000000088e00000, 0x0000000088e00000|
| 125|0x0000000088f00000, 0x0000000089000000, 0x0000000089000000|100%| E|CS|TS  0|AC  0|TAMS 0x0000000088f00000, 0x0000000088f00000|
| 126|0x0000000089000000, 0x0000000089100000, 0x0000000089100000|100%| E|CS|TS  0|AC  0|TAMS 0x0000000089000000, 0x0000000089000000|
| 127|0x0000000089100000, 0x0000000089200000, 0x0000000089200000|100%| E|CS|TS  0|AC  0|TAMS 0x0000000089100000, 0x0000000089100000|

Card table byte_map: [0x00000248751d0000,0x00000248755d0000] byte_map_base: 0x0000024874dc7000

Marking Bits (Prev, Next): (CMBitMap*) 0x000002485cd6c820, (CMBitMap*) 0x000002485cd6c858
 Prev Bits: [0x00000248759d0000, 0x0000024877988000)
 Next Bits: [0x0000024877990000, 0x0000024879948000)

Polling page: 0x000002485abd0000

CodeHeap 'non-profiled nmethods': size=120064Kb used=152Kb max_used=152Kb free=119911Kb
 bounds [0x000002486ce70000, 0x000002486d0e0000, 0x00000248743b0000]
CodeHeap 'profiled nmethods': size=120000Kb used=890Kb max_used=890Kb free=119109Kb
 bounds [0x0000024865940000, 0x0000024865bb0000, 0x000002486ce70000]
CodeHeap 'non-nmethods': size=5696Kb used=1216Kb max_used=1223Kb free=4479Kb
 bounds [0x00000248653b0000, 0x0000024865620000, 0x0000024865940000]
 total_blobs=1000 nmethods=530 adapters=279
 compilation: enabled

Compilation events (10 events):
Event: 0.483 Thread 0x000002487c877800  521       3       java.lang.ref.SoftReference::<init> (14 bytes)
Event: 0.483 Thread 0x000002487c877800 nmethod 521 0x0000024865a1b410 code [0x0000024865a1b5e0, 0x0000024865a1b938]
Event: 0.483 Thread 0x000002487c877800  518       3       sun.util.locale.LocaleObjectCache::get (126 bytes)
Event: 0.484 Thread 0x000002487c877800 nmethod 518 0x0000024865a1ba10 code [0x0000024865a1bce0, 0x0000024865a1d2f0]
Event: 0.484 Thread 0x000002487c877800  520       3       sun.util.locale.LocaleObjectCache::cleanStaleEntries (33 bytes)
Event: 0.484 Thread 0x000002487c877800 nmethod 520 0x0000024865a1d890 code [0x0000024865a1da80, 0x0000024865a1e180]
Event: 0.484 Thread 0x000002487c877800  522       3       sun.util.locale.LocaleObjectCache$CacheEntry::<init> (12 bytes)
Event: 0.484 Thread 0x000002487c877800 nmethod 522 0x0000024865a1e390 code [0x0000024865a1e560, 0x0000024865a1e978]
Event: 0.484 Thread 0x000002487c877800  529       1       java.nio.DirectByteBuffer::address (5 bytes)
Event: 0.484 Thread 0x000002487c877800 nmethod 529 0x000002486ce95e90 code [0x000002486ce96040, 0x000002486ce96158]

GC Heap History (0 events):
No events

Deoptimization events (1 events):
Event: 0.482 Thread 0x000002485ccc5800 Uncommon trap: reason=unstable_if action=reinterpret pc=0x000002486ce7d998 method=java.lang.String.charAt(I)C @ 4 c2

Classes redefined (0 events):
No events

Internal exceptions (10 events):
Event: 0.415 Thread 0x000002485ccc5800 Exception <a 'java/lang/NoSuchMethodError'{0x0000000088fcaa00}: method resolution failed> (0x0000000088fcaa00) thrown at [t:/workspace/hotspot/src/share/vm/prims/methodHandles.cpp, line 1256]
Event: 0.417 Thread 0x000002485ccc5800 Exception <a 'java/lang/NoSuchMethodError'{0x0000000088fda5f8}: java.lang.invoke.DirectMethodHandle$Holder.invokeSpecial(Ljava/lang/Object;Ljava/lang/Object;IILjava/lang/Object;Ljava/lang/Object;Ljava/lang/Object;)Ljava/lang/Object;> (0x0000000088fda5f8) 
Event: 0.417 Thread 0x000002485ccc5800 Exception <a 'java/lang/NoSuchMethodError'{0x0000000088fddc10}: java.lang.invoke.DelegatingMethodHandle$Holder.reinvoke_L(Ljava/lang/Object;IILjava/lang/Object;Ljava/lang/Object;Ljava/lang/Object;)Ljava/lang/Object;> (0x0000000088fddc10) thrown at [t:/wor
Event: 0.418 Thread 0x000002485ccc5800 Exception <a 'java/lang/NoSuchMethodError'{0x0000000088fe2560}: method resolution failed> (0x0000000088fe2560) thrown at [t:/workspace/hotspot/src/share/vm/prims/methodHandles.cpp, line 1256]
Event: 0.420 Thread 0x000002485ccc5800 Exception <a 'java/lang/NoSuchMethodError'{0x0000000088ff6dd0}: method resolution failed> (0x0000000088ff6dd0) thrown at [t:/workspace/hotspot/src/share/vm/prims/methodHandles.cpp, line 1256]
Event: 0.426 Thread 0x000002485ccc5800 Exception <a 'java/lang/NoSuchMethodError'{0x0000000088e0c768}: method resolution failed> (0x0000000088e0c768) thrown at [t:/workspace/hotspot/src/share/vm/prims/methodHandles.cpp, line 1256]
Event: 0.428 Thread 0x000002485ccc5800 Exception <a 'java/lang/NoSuchMethodError'{0x0000000088e234d0}: method resolution failed> (0x0000000088e234d0) thrown at [t:/workspace/hotspot/src/share/vm/prims/methodHandles.cpp, line 1256]
Event: 0.432 Thread 0x000002485ccc5800 Exception <a 'java/lang/NoSuchMethodError'{0x0000000088e3baf8}: method resolution failed> (0x0000000088e3baf8) thrown at [t:/workspace/hotspot/src/share/vm/prims/methodHandles.cpp, line 1256]
Event: 0.433 Thread 0x000002485ccc5800 Exception <a 'java/io/FileNotFoundException'{0x0000000088e45040}> (0x0000000088e45040) thrown at [t:/workspace/hotspot/src/share/vm/prims/jni.cpp, line 604]
Event: 0.484 Thread 0x000002485ccc5800 Exception <a 'java/io/FileNotFoundException'{0x0000000088d7c068}> (0x0000000088d7c068) thrown at [t:/workspace/hotspot/src/share/vm/prims/jni.cpp, line 604]

Events (10 events):
Event: 0.483 loading class java/text/DontCareFieldPosition
Event: 0.483 loading class java/text/DontCareFieldPosition done
Event: 0.483 loading class java/text/DontCareFieldPosition$1
Event: 0.483 loading class java/text/Format$FieldDelegate
Event: 0.483 loading class java/text/Format$FieldDelegate done
Event: 0.483 loading class java/text/DontCareFieldPosition$1 done
Event: 0.484 loading class java/io/PrintWriter
Event: 0.484 loading class java/io/PrintWriter done
Event: 0.484 loading class java/io/FileWriter
Event: 0.484 loading class java/io/FileWriter done


Dynamic libraries:
0x00007ff7244b0000 - 0x00007ff7244ee000 	C:\Program Files\Java\jre-9.0.1\bin\javaw.exe
0x00007ffd2ef20000 - 0x00007ffd2f100000 	C:\WINDOWS\SYSTEM32\ntdll.dll
0x00007ffd2e7c0000 - 0x00007ffd2e86e000 	C:\WINDOWS\System32\KERNEL32.DLL
0x00007ffd2bd60000 - 0x00007ffd2bfc6000 	C:\WINDOWS\System32\KERNELBASE.dll
0x00007ffd2ca30000 - 0x00007ffd2cad1000 	C:\WINDOWS\System32\ADVAPI32.dll
0x00007ffd2c3f0000 - 0x00007ffd2c48d000 	C:\WINDOWS\System32\msvcrt.dll
0x00007ffd2e380000 - 0x00007ffd2e3db000 	C:\WINDOWS\System32\sechost.dll
0x00007ffd2cae0000 - 0x00007ffd2cbff000 	C:\WINDOWS\System32\RPCRT4.dll
0x00007ffd2c650000 - 0x00007ffd2c7df000 	C:\WINDOWS\System32\USER32.dll
0x00007ffd2bd40000 - 0x00007ffd2bd60000 	C:\WINDOWS\System32\win32u.dll
0x00007ffd2c810000 - 0x00007ffd2c838000 	C:\WINDOWS\System32\GDI32.dll
0x00007ffd2c1d0000 - 0x00007ffd2c363000 	C:\WINDOWS\System32\gdi32full.dll
0x00007ffd2b320000 - 0x00007ffd2b3bb000 	C:\WINDOWS\System32\msvcp_win.dll
0x00007ffd2c0d0000 - 0x00007ffd2c1c6000 	C:\WINDOWS\System32\ucrtbase.dll
0x00007ffd1f8b0000 - 0x00007ffd1fb19000 	C:\WINDOWS\WinSxS\amd64_microsoft.windows.common-controls_6595b64144ccf1df_6.0.16299.192_none_15c8cdae9364c23b\COMCTL32.dll
0x00007ffd2e4b0000 - 0x00007ffd2e7b8000 	C:\WINDOWS\System32\combase.dll
0x00007ffd2c370000 - 0x00007ffd2c3e2000 	C:\WINDOWS\System32\bcryptPrimitives.dll
0x00007ffd21ed0000 - 0x00007ffd21eda000 	C:\WINDOWS\SYSTEM32\VERSION.dll
0x00007ffd2c7e0000 - 0x00007ffd2c80d000 	C:\WINDOWS\System32\IMM32.DLL
0x00007ffcf6b50000 - 0x00007ffcf6c3f000 	C:\Program Files\Java\jre-9.0.1\bin\msvcr120.dll
0x00007ffcf6aa0000 - 0x00007ffcf6b46000 	C:\Program Files\Java\jre-9.0.1\bin\msvcp120.dll
0x0000000055cd0000 - 0x00000000566f4000 	C:\Program Files\Java\jre-9.0.1\bin\server\jvm.dll
0x00007ffd2c840000 - 0x00007ffd2c848000 	C:\WINDOWS\System32\PSAPI.DLL
0x00007ffd03420000 - 0x00007ffd03429000 	C:\WINDOWS\SYSTEM32\WSOCK32.dll
0x00007ffd2c9c0000 - 0x00007ffd2ca2c000 	C:\WINDOWS\System32\WS2_32.dll
0x00007ffd290a0000 - 0x00007ffd290c3000 	C:\WINDOWS\SYSTEM32\WINMM.dll
0x00007ffd29070000 - 0x00007ffd2909a000 	C:\WINDOWS\SYSTEM32\WINMMBASE.dll
0x00007ffd2c080000 - 0x00007ffd2c0ca000 	C:\WINDOWS\System32\cfgmgr32.dll
0x00007ffd007b0000 - 0x00007ffd007bf000 	C:\Program Files\Java\jre-9.0.1\bin\verify.dll
0x00007ffcf6a70000 - 0x00007ffcf6a97000 	C:\Program Files\Java\jre-9.0.1\bin\java.dll
0x00007ffd232c0000 - 0x00007ffd232f7000 	C:\Users\winter Nebs\Downloads\swing-inspector-windows-1.2.3\x64\swing-inspector-agent.dll
0x0000000055bf0000 - 0x0000000055cc2000 	C:\WINDOWS\SYSTEM32\MSVCR100.dll
0x00007ffd0ae90000 - 0x00007ffd0aea6000 	C:\Program Files\Java\jre-9.0.1\bin\zip.dll
0x00007ffd0ae80000 - 0x00007ffd0ae8a000 	C:\Program Files\Java\jre-9.0.1\bin\jimage.dll
0x00007ffd2cdd0000 - 0x00007ffd2e206000 	C:\WINDOWS\System32\SHELL32.dll
0x00007ffd2c490000 - 0x00007ffd2c536000 	C:\WINDOWS\System32\shcore.dll
0x00007ffd2b3c0000 - 0x00007ffd2bb07000 	C:\WINDOWS\System32\windows.storage.dll
0x00007ffd2ee90000 - 0x00007ffd2eee1000 	C:\WINDOWS\System32\shlwapi.dll
0x00007ffd2b2e0000 - 0x00007ffd2b2f1000 	C:\WINDOWS\System32\kernel.appcore.dll
0x00007ffd2b290000 - 0x00007ffd2b2dc000 	C:\WINDOWS\System32\powrprof.dll
0x00007ffd2b270000 - 0x00007ffd2b28b000 	C:\WINDOWS\System32\profapi.dll
0x00007ffd0ae60000 - 0x00007ffd0ae7a000 	C:\Program Files\Java\jre-9.0.1\bin\net.dll
0x00007ffd26850000 - 0x00007ffd2692e000 	C:\WINDOWS\SYSTEM32\WINHTTP.dll
0x00007ffd2ab00000 - 0x00007ffd2ab66000 	C:\WINDOWS\system32\mswsock.dll
0x00007ffd007c0000 - 0x00007ffd007d1000 	C:\Program Files\Java\jre-9.0.1\bin\nio.dll
0x00007ffd23120000 - 0x00007ffd232b9000 	C:\Program Files\Java\jre-9.0.1\bin\awt.dll
0x00007ffd2e210000 - 0x00007ffd2e2d5000 	C:\WINDOWS\System32\OLEAUT32.dll
0x00007ffd28a80000 - 0x00007ffd29038000 	C:\WINDOWS\SYSTEM32\d2d1.dll
0x00007ffd2bb10000 - 0x00007ffd2bcde000 	C:\WINDOWS\System32\CRYPT32.dll
0x00007ffd2b300000 - 0x00007ffd2b312000 	C:\WINDOWS\System32\MSASN1.dll
0x00007ffd296f0000 - 0x00007ffd29778000 	C:\WINDOWS\SYSTEM32\apphelp.dll
0x00007ffd25d90000 - 0x00007ffd25f58000 	C:\WINDOWS\SYSTEM32\dbghelp.dll

VM Arguments:
jvm_args: -agentpath:C:\Users\winter Nebs\Downloads\swing-inspector-windows-1.2.3\x64\swing-inspector-agent.dll -Dfile.encoding=Cp1252 
java_command: Crazy8
java_class_path (initial): C:\Users\winter Nebs\git\crazy8sgit\Crazy8s\bin
Launcher Type: SUN_STANDARD

Logging:
Log output configuration:
#0: stdout all=warning uptime,level,tags
#1: stderr all=off uptime,level,tags

Environment Variables:
PATH=C:\ProgramData\Oracle\Java\javapath;C:\WINDOWS\system32;C:\WINDOWS;C:\WINDOWS\System32\Wbem;C:\WINDOWS\System32\WindowsPowerShell\v1.0\;C:\Program Files (x86)\Skype\Phone\;C:\Users\winter Nebs\.dnx\bin;C:\Program Files\Microsoft DNX\Dnvm\;C:\Program Files\Microsoft SQL Server\130\Tools\Binn\;C:\Program Files (x86)\NVIDIA Corporation\PhysX\Common;C:\Program Files\dotnet\;C:\Users\winter Nebs\AppData\Local\Microsoft\WindowsApps;
USERNAME=winter Nebs
OS=Windows_NT
PROCESSOR_IDENTIFIER=Intel64 Family 6 Model 78 Stepping 3, GenuineIntel



---------------  S Y S T E M  ---------------

OS: Windows 10 , 64 bit Build 16299 (10.0.16299.15)

CPU:total 4 (initial active 4) (2 cores per cpu, 2 threads per core) family 6 model 78 stepping 3, cmov, cx8, fxsr, mmx, sse, sse2, sse3, ssse3, sse4.1, sse4.2, popcnt, avx, avx2, aes, clmul, erms, rtm, 3dnowpref, lzcnt, ht, tsc, tscinvbit, bmi1, bmi2, adx, fma

Memory: 4k page, physical 8312100k(5370840k free), swap 9622820k(6371764k free)

vm_info: Java HotSpot(TM) 64-Bit Server VM (9.0.1+11) for windows-amd64 JRE (9.0.1+11), built on Sep 28 2017 04:54:03 by "mach5one" with MS VC++ 12.0 (VS2013)

END.
